This file contains any messages produced by compilers while
running configure, to aid debugging if configure makes a mistake.

It was created by configure, which was
generated by GNU Autoconf 2.67.  Invocation command line was

  $ ./configure 

## --------- ##
## Platform. ##
## --------- ##

hostname = sourav-Virtual-Machine
uname -m = x86_64
uname -r = 3.8.0-33-generic
uname -s = Linux
uname -v = #48~precise1-Ubuntu SMP Thu Oct 24 16:28:06 UTC 2013

/usr/bin/uname -p = unknown
/bin/uname -X     = unknown

/bin/arch              = unknown
/usr/bin/arch -k       = unknown
/usr/convex/getsysinfo = unknown
/usr/bin/hostinfo      = unknown
/bin/machine           = unknown
/usr/bin/oslevel       = unknown
/bin/universe          = unknown

PATH: /usr/local/sbin
PATH: /usr/local/bin
PATH: /usr/sbin
PATH: /usr/bin
PATH: /sbin
PATH: /bin


## ----------- ##
## Core tests. ##
## ----------- ##

configure:2417: checking build system type
configure:2431: result: x86_64-unknown-linux-gnu
configure:2451: checking host system type
configure:2464: result: x86_64-unknown-linux-gnu
configure:2606: checking for gcc
configure:2622: found /usr/bin/gcc
configure:2633: result: gcc
configure:2862: checking for C compiler version
configure:2871: gcc --version >&5
gcc (Ubuntu/Linaro 4.6.3-1ubuntu5) 4.6.3
Copyright (C) 2011 Free Software Foundation, Inc.
This is free software; see the source for copying conditions.  There is NO
warranty; not even for MERCHANTABILITY or FITNESS FOR A PARTICULAR PURPOSE.

configure:2882: $? = 0
configure:2871: gcc -v >&5
Using built-in specs.
COLLECT_GCC=gcc
COLLECT_LTO_WRAPPER=/usr/lib/gcc/x86_64-linux-gnu/4.6/lto-wrapper
Target: x86_64-linux-gnu
Configured with: ../src/configure -v --with-pkgversion='Ubuntu/Linaro 4.6.3-1ubuntu5' --with-bugurl=file:///usr/share/doc/gcc-4.6/README.Bugs --enable-languages=c,c++,fortran,objc,obj-c++ --prefix=/usr --program-suffix=-4.6 --enable-shared --enable-linker-build-id --with-system-zlib --libexecdir=/usr/lib --without-included-gettext --enable-threads=posix --with-gxx-include-dir=/usr/include/c++/4.6 --libdir=/usr/lib --enable-nls --with-sysroot=/ --enable-clocale=gnu --enable-libstdcxx-debug --enable-libstdcxx-time=yes --enable-gnu-unique-object --enable-plugin --enable-objc-gc --disable-werror --with-arch-32=i686 --with-tune=generic --enable-checking=release --build=x86_64-linux-gnu --host=x86_64-linux-gnu --target=x86_64-linux-gnu
Thread model: posix
gcc version 4.6.3 (Ubuntu/Linaro 4.6.3-1ubuntu5) 
configure:2882: $? = 0
configure:2871: gcc -V >&5
gcc: error: unrecognized option '-V'
gcc: fatal error: no input files
compilation terminated.
configure:2882: $? = 4
configure:2871: gcc -qversion >&5
gcc: error: unrecognized option '-qversion'
gcc: fatal error: no input files
compilation terminated.
configure:2882: $? = 4
configure:2902: checking whether the C compiler works
configure:2924: gcc    conftest.c  >&5
configure:2928: $? = 0
configure:2976: result: yes
configure:2979: checking for C compiler default output file name
configure:2981: result: a.out
configure:2987: checking for suffix of executables
configure:2994: gcc -o conftest    conftest.c  >&5
configure:2998: $? = 0
configure:3020: result: 
configure:3042: checking whether we are cross compiling
configure:3050: gcc -o conftest    conftest.c  >&5
configure:3054: $? = 0
configure:3061: ./conftest
configure:3065: $? = 0
configure:3080: result: no
configure:3085: checking for suffix of object files
configure:3107: gcc -c   conftest.c >&5
configure:3111: $? = 0
configure:3132: result: o
configure:3136: checking whether we are using the GNU C compiler
configure:3155: gcc -c   conftest.c >&5
configure:3155: $? = 0
configure:3164: result: yes
configure:3173: checking whether gcc accepts -g
configure:3193: gcc -c -g  conftest.c >&5
configure:3193: $? = 0
configure:3234: result: yes
configure:3251: checking for gcc option to accept ISO C89
configure:3315: gcc  -c -g -O2  conftest.c >&5
configure:3315: $? = 0
configure:3328: result: none needed
configure:3357: checking gcc version
configure:3369: result: 4
configure:3540: checking for inline
configure:3576: gcc -c -O2  conftest.c >&5
configure:3576: $? = 0
configure:3591: result: inline
configure:3603: checking for __attribute__
configure:3629: gcc -c -g -O2  conftest.c >&5
configure:3629: $? = 0
configure:3645: result: yes
configure:3650: checking whether __attribute__((format)) can be applied to function pointers
configure:3671: gcc -c -g -O2  conftest.c >&5
configure:3671: $? = 0
configure:3684: result: yes
configure:3693: checking how to run the C preprocessor
configure:3724: gcc -E  conftest.c
configure:3724: $? = 0
configure:3738: gcc -E  conftest.c
conftest.c:12:28: fatal error: ac_nonexistent.h: No such file or directory
compilation terminated.
configure:3738: $? = 1
configure: failed program was:
| /* confdefs.h */
| #define PACKAGE_NAME ""
| #define PACKAGE_TARNAME ""
| #define PACKAGE_VERSION ""
| #define PACKAGE_STRING ""
| #define PACKAGE_BUGREPORT ""
| #define PACKAGE_URL ""
| #define inline inline
| #define HAVE___ATTRIBUTE__ 1
| #define __ATTRIBUTE___FORMAT_OK_FOR_FUNCTION_POINTERS 1
| /* end confdefs.h.  */
| #include <ac_nonexistent.h>
configure:3763: result: gcc -E
configure:3783: gcc -E  conftest.c
configure:3783: $? = 0
configure:3797: gcc -E  conftest.c
conftest.c:12:28: fatal error: ac_nonexistent.h: No such file or directory
compilation terminated.
configure:3797: $? = 1
configure: failed program was:
| /* confdefs.h */
| #define PACKAGE_NAME ""
| #define PACKAGE_TARNAME ""
| #define PACKAGE_VERSION ""
| #define PACKAGE_STRING ""
| #define PACKAGE_BUGREPORT ""
| #define PACKAGE_URL ""
| #define inline inline
| #define HAVE___ATTRIBUTE__ 1
| #define __ATTRIBUTE___FORMAT_OK_FOR_FUNCTION_POINTERS 1
| /* end confdefs.h.  */
| #include <ac_nonexistent.h>
configure:3826: checking for grep that handles long lines and -e
configure:3884: result: /bin/grep
configure:3889: checking for egrep
configure:3951: result: /bin/grep -E
configure:3956: checking for ANSI C header files
configure:3976: gcc -c -g -O2  conftest.c >&5
configure:3976: $? = 0
configure:4049: gcc -o conftest -g -O2   conftest.c  >&5
configure:4049: $? = 0
configure:4049: ./conftest
configure:4049: $? = 0
configure:4060: result: yes
configure:4073: checking for sys/types.h
configure:4073: gcc -c -g -O2  conftest.c >&5
configure:4073: $? = 0
configure:4073: result: yes
configure:4073: checking for sys/stat.h
configure:4073: gcc -c -g -O2  conftest.c >&5
configure:4073: $? = 0
configure:4073: result: yes
configure:4073: checking for stdlib.h
configure:4073: gcc -c -g -O2  conftest.c >&5
configure:4073: $? = 0
configure:4073: result: yes
configure:4073: checking for string.h
configure:4073: gcc -c -g -O2  conftest.c >&5
configure:4073: $? = 0
configure:4073: result: yes
configure:4073: checking for memory.h
configure:4073: gcc -c -g -O2  conftest.c >&5
configure:4073: $? = 0
configure:4073: result: yes
configure:4073: checking for strings.h
configure:4073: gcc -c -g -O2  conftest.c >&5
configure:4073: $? = 0
configure:4073: result: yes
configure:4073: checking for inttypes.h
configure:4073: gcc -c -g -O2  conftest.c >&5
configure:4073: $? = 0
configure:4073: result: yes
configure:4073: checking for stdint.h
configure:4073: gcc -c -g -O2  conftest.c >&5
configure:4073: $? = 0
configure:4073: result: yes
configure:4073: checking for unistd.h
configure:4073: gcc -c -g -O2  conftest.c >&5
configure:4073: $? = 0
configure:4073: result: yes
configure:4088: checking fcntl.h usability
configure:4088: gcc -c -g -O2  conftest.c >&5
configure:4088: $? = 0
configure:4088: result: yes
configure:4088: checking fcntl.h presence
configure:4088: gcc -E  conftest.c
configure:4088: $? = 0
configure:4088: result: yes
configure:4088: checking for fcntl.h
configure:4088: result: yes
configure:4088: checking rpc/rpcent.h usability
configure:4088: gcc -c -g -O2  conftest.c >&5
conftest.c:56:24: fatal error: rpc/rpcent.h: No such file or directory
compilation terminated.
configure:4088: $? = 1
configure: failed program was:
| /* confdefs.h */
| #define PACKAGE_NAME ""
| #define PACKAGE_TARNAME ""
| #define PACKAGE_VERSION ""
| #define PACKAGE_STRING ""
| #define PACKAGE_BUGREPORT ""
| #define PACKAGE_URL ""
| #define inline inline
| #define HAVE___ATTRIBUTE__ 1
| #define __ATTRIBUTE___FORMAT_OK_FOR_FUNCTION_POINTERS 1
| #define STDC_HEADERS 1
| #define HAVE_SYS_TYPES_H 1
| #define HAVE_SYS_STAT_H 1
| #define HAVE_STDLIB_H 1
| #define HAVE_STRING_H 1
| #define HAVE_MEMORY_H 1
| #define HAVE_STRINGS_H 1
| #define HAVE_INTTYPES_H 1
| #define HAVE_STDINT_H 1
| #define HAVE_UNISTD_H 1
| #define HAVE_FCNTL_H 1
| /* end confdefs.h.  */
| #include <stdio.h>
| #ifdef HAVE_SYS_TYPES_H
| # include <sys/types.h>
| #endif
| #ifdef HAVE_SYS_STAT_H
| # include <sys/stat.h>
| #endif
| #ifdef STDC_HEADERS
| # include <stdlib.h>
| # include <stddef.h>
| #else
| # ifdef HAVE_STDLIB_H
| #  include <stdlib.h>
| # endif
| #endif
| #ifdef HAVE_STRING_H
| # if !defined STDC_HEADERS && defined HAVE_MEMORY_H
| #  include <memory.h>
| # endif
| # include <string.h>
| #endif
| #ifdef HAVE_STRINGS_H
| # include <strings.h>
| #endif
| #ifdef HAVE_INTTYPES_H
| # include <inttypes.h>
| #endif
| #ifdef HAVE_STDINT_H
| # include <stdint.h>
| #endif
| #ifdef HAVE_UNISTD_H
| # include <unistd.h>
| #endif
| #include <rpc/rpcent.h>
configure:4088: result: no
configure:4088: checking rpc/rpcent.h presence
configure:4088: gcc -E  conftest.c
conftest.c:23:24: fatal error: rpc/rpcent.h: No such file or directory
compilation terminated.
configure:4088: $? = 1
configure: failed program was:
| /* confdefs.h */
| #define PACKAGE_NAME ""
| #define PACKAGE_TARNAME ""
| #define PACKAGE_VERSION ""
| #define PACKAGE_STRING ""
| #define PACKAGE_BUGREPORT ""
| #define PACKAGE_URL ""
| #define inline inline
| #define HAVE___ATTRIBUTE__ 1
| #define __ATTRIBUTE___FORMAT_OK_FOR_FUNCTION_POINTERS 1
| #define STDC_HEADERS 1
| #define HAVE_SYS_TYPES_H 1
| #define HAVE_SYS_STAT_H 1
| #define HAVE_STDLIB_H 1
| #define HAVE_STRING_H 1
| #define HAVE_MEMORY_H 1
| #define HAVE_STRINGS_H 1
| #define HAVE_INTTYPES_H 1
| #define HAVE_STDINT_H 1
| #define HAVE_UNISTD_H 1
| #define HAVE_FCNTL_H 1
| /* end confdefs.h.  */
| #include <rpc/rpcent.h>
configure:4088: result: no
configure:4088: checking for rpc/rpcent.h
configure:4088: result: no
configure:4088: checking netdnet/dnetdb.h usability
configure:4088: gcc -c -g -O2  conftest.c >&5
conftest.c:56:28: fatal error: netdnet/dnetdb.h: No such file or directory
compilation terminated.
configure:4088: $? = 1
configure: failed program was:
| /* confdefs.h */
| #define PACKAGE_NAME ""
| #define PACKAGE_TARNAME ""
| #define PACKAGE_VERSION ""
| #define PACKAGE_STRING ""
| #define PACKAGE_BUGREPORT ""
| #define PACKAGE_URL ""
| #define inline inline
| #define HAVE___ATTRIBUTE__ 1
| #define __ATTRIBUTE___FORMAT_OK_FOR_FUNCTION_POINTERS 1
| #define STDC_HEADERS 1
| #define HAVE_SYS_TYPES_H 1
| #define HAVE_SYS_STAT_H 1
| #define HAVE_STDLIB_H 1
| #define HAVE_STRING_H 1
| #define HAVE_MEMORY_H 1
| #define HAVE_STRINGS_H 1
| #define HAVE_INTTYPES_H 1
| #define HAVE_STDINT_H 1
| #define HAVE_UNISTD_H 1
| #define HAVE_FCNTL_H 1
| /* end confdefs.h.  */
| #include <stdio.h>
| #ifdef HAVE_SYS_TYPES_H
| # include <sys/types.h>
| #endif
| #ifdef HAVE_SYS_STAT_H
| # include <sys/stat.h>
| #endif
| #ifdef STDC_HEADERS
| # include <stdlib.h>
| # include <stddef.h>
| #else
| # ifdef HAVE_STDLIB_H
| #  include <stdlib.h>
| # endif
| #endif
| #ifdef HAVE_STRING_H
| # if !defined STDC_HEADERS && defined HAVE_MEMORY_H
| #  include <memory.h>
| # endif
| # include <string.h>
| #endif
| #ifdef HAVE_STRINGS_H
| # include <strings.h>
| #endif
| #ifdef HAVE_INTTYPES_H
| # include <inttypes.h>
| #endif
| #ifdef HAVE_STDINT_H
| # include <stdint.h>
| #endif
| #ifdef HAVE_UNISTD_H
| # include <unistd.h>
| #endif
| #include <netdnet/dnetdb.h>
configure:4088: result: no
configure:4088: checking netdnet/dnetdb.h presence
configure:4088: gcc -E  conftest.c
conftest.c:23:28: fatal error: netdnet/dnetdb.h: No such file or directory
compilation terminated.
configure:4088: $? = 1
configure: failed program was:
| /* confdefs.h */
| #define PACKAGE_NAME ""
| #define PACKAGE_TARNAME ""
| #define PACKAGE_VERSION ""
| #define PACKAGE_STRING ""
| #define PACKAGE_BUGREPORT ""
| #define PACKAGE_URL ""
| #define inline inline
| #define HAVE___ATTRIBUTE__ 1
| #define __ATTRIBUTE___FORMAT_OK_FOR_FUNCTION_POINTERS 1
| #define STDC_HEADERS 1
| #define HAVE_SYS_TYPES_H 1
| #define HAVE_SYS_STAT_H 1
| #define HAVE_STDLIB_H 1
| #define HAVE_STRING_H 1
| #define HAVE_MEMORY_H 1
| #define HAVE_STRINGS_H 1
| #define HAVE_INTTYPES_H 1
| #define HAVE_STDINT_H 1
| #define HAVE_UNISTD_H 1
| #define HAVE_FCNTL_H 1
| /* end confdefs.h.  */
| #include <netdnet/dnetdb.h>
configure:4088: result: no
configure:4088: checking for netdnet/dnetdb.h
configure:4088: result: no
configure:4100: checking for net/pfvar.h
configure:4100: gcc -c -g -O2  conftest.c >&5
conftest.c:27:23: fatal error: net/pfvar.h: No such file or directory
compilation terminated.
configure:4100: $? = 1
configure: failed program was:
| /* confdefs.h */
| #define PACKAGE_NAME ""
| #define PACKAGE_TARNAME ""
| #define PACKAGE_VERSION ""
| #define PACKAGE_STRING ""
| #define PACKAGE_BUGREPORT ""
| #define PACKAGE_URL ""
| #define inline inline
| #define HAVE___ATTRIBUTE__ 1
| #define __ATTRIBUTE___FORMAT_OK_FOR_FUNCTION_POINTERS 1
| #define STDC_HEADERS 1
| #define HAVE_SYS_TYPES_H 1
| #define HAVE_SYS_STAT_H 1
| #define HAVE_STDLIB_H 1
| #define HAVE_STRING_H 1
| #define HAVE_MEMORY_H 1
| #define HAVE_STRINGS_H 1
| #define HAVE_INTTYPES_H 1
| #define HAVE_STDINT_H 1
| #define HAVE_UNISTD_H 1
| #define HAVE_FCNTL_H 1
| /* end confdefs.h.  */
| #include <sys/types.h>
| #include <sys/socket.h>
| #include <net/if.h>
| 
| #include <net/pfvar.h>
configure:4100: result: no
configure:4118: checking for netinet/if_ether.h
configure:4118: gcc -c -g -O2  conftest.c >&5
configure:4118: $? = 0
configure:4118: result: yes
configure:4161: checking whether time.h and sys/time.h may both be included
configure:4181: gcc -c -g -O2  conftest.c >&5
configure:4181: $? = 0
configure:4188: result: yes
configure:4198: checking for rdi_init in -lrdi
configure:4223: gcc -o conftest -g -O2   conftest.c -lrdi   >&5
/usr/bin/ld: cannot find -lrdi
collect2: ld returned 1 exit status
configure:4223: $? = 1
configure: failed program was:
| /* confdefs.h */
| #define PACKAGE_NAME ""
| #define PACKAGE_TARNAME ""
| #define PACKAGE_VERSION ""
| #define PACKAGE_STRING ""
| #define PACKAGE_BUGREPORT ""
| #define PACKAGE_URL ""
| #define inline inline
| #define HAVE___ATTRIBUTE__ 1
| #define __ATTRIBUTE___FORMAT_OK_FOR_FUNCTION_POINTERS 1
| #define STDC_HEADERS 1
| #define HAVE_SYS_TYPES_H 1
| #define HAVE_SYS_STAT_H 1
| #define HAVE_STDLIB_H 1
| #define HAVE_STRING_H 1
| #define HAVE_MEMORY_H 1
| #define HAVE_STRINGS_H 1
| #define HAVE_INTTYPES_H 1
| #define HAVE_STDINT_H 1
| #define HAVE_UNISTD_H 1
| #define HAVE_FCNTL_H 1
| #define HAVE_NETINET_IF_ETHER_H 1
| #define TIME_WITH_SYS_TIME 1
| /* end confdefs.h.  */
| 
| /* Override any GCC internal prototype to avoid an error.
|    Use char because int might match the return type of a GCC
|    builtin and then its argument prototype would still apply.  */
| #ifdef __cplusplus
| extern "C"
| #endif
| char rdi_init ();
| int
| main ()
| {
| return rdi_init ();
|   ;
|   return 0;
| }
configure:4232: result: no
configure:4244: checking Silicom Redirector support
configure:4252: result: no
configure:4261: checking Linux kernel version
configure:4279: result: 3
configure:4306: checking smi.h usability
configure:4306: gcc -c -g -O2  conftest.c >&5
conftest.c:58:17: fatal error: smi.h: No such file or directory
compilation terminated.
configure:4306: $? = 1
configure: failed program was:
| /* confdefs.h */
| #define PACKAGE_NAME ""
| #define PACKAGE_TARNAME ""
| #define PACKAGE_VERSION ""
| #define PACKAGE_STRING ""
| #define PACKAGE_BUGREPORT ""
| #define PACKAGE_URL ""
| #define inline inline
| #define HAVE___ATTRIBUTE__ 1
| #define __ATTRIBUTE___FORMAT_OK_FOR_FUNCTION_POINTERS 1
| #define STDC_HEADERS 1
| #define HAVE_SYS_TYPES_H 1
| #define HAVE_SYS_STAT_H 1
| #define HAVE_STDLIB_H 1
| #define HAVE_STRING_H 1
| #define HAVE_MEMORY_H 1
| #define HAVE_STRINGS_H 1
| #define HAVE_INTTYPES_H 1
| #define HAVE_STDINT_H 1
| #define HAVE_UNISTD_H 1
| #define HAVE_FCNTL_H 1
| #define HAVE_NETINET_IF_ETHER_H 1
| #define TIME_WITH_SYS_TIME 1
| /* end confdefs.h.  */
| #include <stdio.h>
| #ifdef HAVE_SYS_TYPES_H
| # include <sys/types.h>
| #endif
| #ifdef HAVE_SYS_STAT_H
| # include <sys/stat.h>
| #endif
| #ifdef STDC_HEADERS
| # include <stdlib.h>
| # include <stddef.h>
| #else
| # ifdef HAVE_STDLIB_H
| #  include <stdlib.h>
| # endif
| #endif
| #ifdef HAVE_STRING_H
| # if !defined STDC_HEADERS && defined HAVE_MEMORY_H
| #  include <memory.h>
| # endif
| # include <string.h>
| #endif
| #ifdef HAVE_STRINGS_H
| # include <strings.h>
| #endif
| #ifdef HAVE_INTTYPES_H
| # include <inttypes.h>
| #endif
| #ifdef HAVE_STDINT_H
| # include <stdint.h>
| #endif
| #ifdef HAVE_UNISTD_H
| # include <unistd.h>
| #endif
| #include <smi.h>
configure:4306: result: no
configure:4306: checking smi.h presence
configure:4306: gcc -E  conftest.c
conftest.c:25:17: fatal error: smi.h: No such file or directory
compilation terminated.
configure:4306: $? = 1
configure: failed program was:
| /* confdefs.h */
| #define PACKAGE_NAME ""
| #define PACKAGE_TARNAME ""
| #define PACKAGE_VERSION ""
| #define PACKAGE_STRING ""
| #define PACKAGE_BUGREPORT ""
| #define PACKAGE_URL ""
| #define inline inline
| #define HAVE___ATTRIBUTE__ 1
| #define __ATTRIBUTE___FORMAT_OK_FOR_FUNCTION_POINTERS 1
| #define STDC_HEADERS 1
| #define HAVE_SYS_TYPES_H 1
| #define HAVE_SYS_STAT_H 1
| #define HAVE_STDLIB_H 1
| #define HAVE_STRING_H 1
| #define HAVE_MEMORY_H 1
| #define HAVE_STRINGS_H 1
| #define HAVE_INTTYPES_H 1
| #define HAVE_STDINT_H 1
| #define HAVE_UNISTD_H 1
| #define HAVE_FCNTL_H 1
| #define HAVE_NETINET_IF_ETHER_H 1
| #define TIME_WITH_SYS_TIME 1
| /* end confdefs.h.  */
| #include <smi.h>
configure:4306: result: no
configure:4306: checking for smi.h
configure:4306: result: no
configure:4316: checking for smiInit in -lsmi
configure:4341: gcc -o conftest -g -O2   conftest.c -lsmi   ../lib/libpfring.a -lpthread  >&5
/usr/bin/ld: cannot find -lsmi
collect2: ld returned 1 exit status
configure:4341: $? = 1
configure: failed program was:
| /* confdefs.h */
| #define PACKAGE_NAME ""
| #define PACKAGE_TARNAME ""
| #define PACKAGE_VERSION ""
| #define PACKAGE_STRING ""
| #define PACKAGE_BUGREPORT ""
| #define PACKAGE_URL ""
| #define inline inline
| #define HAVE___ATTRIBUTE__ 1
| #define __ATTRIBUTE___FORMAT_OK_FOR_FUNCTION_POINTERS 1
| #define STDC_HEADERS 1
| #define HAVE_SYS_TYPES_H 1
| #define HAVE_SYS_STAT_H 1
| #define HAVE_STDLIB_H 1
| #define HAVE_STRING_H 1
| #define HAVE_MEMORY_H 1
| #define HAVE_STRINGS_H 1
| #define HAVE_INTTYPES_H 1
| #define HAVE_STDINT_H 1
| #define HAVE_UNISTD_H 1
| #define HAVE_FCNTL_H 1
| #define HAVE_NETINET_IF_ETHER_H 1
| #define TIME_WITH_SYS_TIME 1
| /* end confdefs.h.  */
| 
| /* Override any GCC internal prototype to avoid an error.
|    Use char because int might match the return type of a GCC
|    builtin and then its argument prototype would still apply.  */
| #ifdef __cplusplus
| extern "C"
| #endif
| char smiInit ();
| int
| main ()
| {
| return smiInit ();
|   ;
|   return 0;
| }
configure:4350: result: no
configure:4420: checking whether to enable the possibly-buggy SMB printer
configure:4430: result: yes
configure:4432: WARNING: The SMB printer may have exploitable buffer overflows!!!
configure:4449: checking whether to drop root privileges by default
configure:4459: result: no
configure:4469: checking whether to chroot
configure:4479: result: no
configure:4483: checking whether to enable ipv6
configure:4522: gcc -o conftest -g -O2   conftest.c  ../lib/libpfring.a -lpthread  >&5
conftest.c: In function 'main':
conftest.c:32:4: warning: incompatible implicit declaration of built-in function 'exit' [enabled by default]
configure:4522: $? = 0
configure:4522: ./conftest
configure:4522: $? = 0
configure:4523: result: yes
configure:4546: checking ipv6 stack type
configure:4669: result: linux-glibc
configure:4704: checking for library containing getaddrinfo
configure:4735: gcc -o conftest -DINET6 -g -O2   conftest.c  ../lib/libpfring.a -lpthread  >&5
configure:4735: $? = 0
configure:4752: result: none required
configure:4757: checking getaddrinfo bug
configure:4863: gcc -o conftest -DINET6 -g -O2   conftest.c  ../lib/libpfring.a -lpthread  >&5
conftest.c: In function 'main':
conftest.c:114:3: warning: incompatible implicit declaration of built-in function 'exit' [enabled by default]
configure:4863: $? = 0
configure:4863: ./conftest
configure:4863: $? = 0
configure:4875: result: good
configure:4903: checking for getnameinfo
configure:4903: gcc -o conftest -DINET6 -g -O2   conftest.c  ../lib/libpfring.a -lpthread  >&5
configure:4903: $? = 0
configure:4903: result: yes
configure:4919: checking for dnet_htoa declaration in netdnet/dnetdb.h
conftest.c:28:28: fatal error: netdnet/dnetdb.h: No such file or directory
compilation terminated.
configure:4938: result: no
configure:4949: checking size of char
configure:4954: gcc -o conftest -DINET6 -g -O2   conftest.c  ../lib/libpfring.a -lpthread  >&5
configure:4954: $? = 0
configure:4954: ./conftest
configure:4954: $? = 0
configure:4968: result: 1
configure:4982: checking size of short
configure:4987: gcc -o conftest -DINET6 -g -O2   conftest.c  ../lib/libpfring.a -lpthread  >&5
configure:4987: $? = 0
configure:4987: ./conftest
configure:4987: $? = 0
configure:5001: result: 2
configure:5015: checking size of int
configure:5020: gcc -o conftest -DINET6 -g -O2   conftest.c  ../lib/libpfring.a -lpthread  >&5
configure:5020: $? = 0
configure:5020: ./conftest
configure:5020: $? = 0
configure:5034: result: 4
configure:5048: checking size of long
configure:5053: gcc -o conftest -DINET6 -g -O2   conftest.c  ../lib/libpfring.a -lpthread  >&5
configure:5053: $? = 0
configure:5053: ./conftest
configure:5053: $? = 0
configure:5067: result: 8
configure:5081: checking size of long long
configure:5086: gcc -o conftest -DINET6 -g -O2   conftest.c  ../lib/libpfring.a -lpthread  >&5
configure:5086: $? = 0
configure:5086: ./conftest
configure:5086: $? = 0
configure:5100: result: 8
configure:5112: checking for addrinfo
configure:5129: gcc -c -DINET6 -g -O2  conftest.c >&5
configure:5129: $? = 0
configure:5137: result: yes
configure:5152: checking for NI_MAXSERV
configure:5174: result: yes
configure:5186: checking for NI_NAMEREQD
configure:5208: result: yes
configure:5220: checking for sockaddr_storage
configure:5238: gcc -c -DINET6 -g -O2  conftest.c >&5
configure:5238: $? = 0
configure:5246: result: yes
configure:5259: checking for INADDRSZ
configure:5276: gcc -c -DINET6 -g -O2  conftest.c >&5
configure:5276: $? = 0
configure:5284: result: yes
configure:5292: checking for IN6ADDRSZ
configure:5309: gcc -c -DINET6 -g -O2  conftest.c >&5
configure:5309: $? = 0
configure:5317: result: yes
configure:5331: checking for RES_USE_INET6
configure:5350: gcc -c -DINET6 -g -O2  conftest.c >&5
configure:5350: $? = 0
configure:5358: result: yes
configure:5370: checking for res_state_ext
configure:5390: gcc -c -DINET6 -g -O2  conftest.c >&5
conftest.c:41:28: fatal error: netinet6/in6.h: No such file or directory
compilation terminated.
configure:5390: $? = 1
configure: failed program was:
| /* confdefs.h */
| #define PACKAGE_NAME ""
| #define PACKAGE_TARNAME ""
| #define PACKAGE_VERSION ""
| #define PACKAGE_STRING ""
| #define PACKAGE_BUGREPORT ""
| #define PACKAGE_URL ""
| #define inline inline
| #define HAVE___ATTRIBUTE__ 1
| #define __ATTRIBUTE___FORMAT_OK_FOR_FUNCTION_POINTERS 1
| #define STDC_HEADERS 1
| #define HAVE_SYS_TYPES_H 1
| #define HAVE_SYS_STAT_H 1
| #define HAVE_STDLIB_H 1
| #define HAVE_STRING_H 1
| #define HAVE_MEMORY_H 1
| #define HAVE_STRINGS_H 1
| #define HAVE_INTTYPES_H 1
| #define HAVE_STDINT_H 1
| #define HAVE_UNISTD_H 1
| #define HAVE_FCNTL_H 1
| #define HAVE_NETINET_IF_ETHER_H 1
| #define TIME_WITH_SYS_TIME 1
| #define TCPDUMP_DO_SMB 1
| #define INET6 1
| #define HAVE_GETNAMEINFO 1
| #define SIZEOF_CHAR 1
| #define SIZEOF_SHORT 2
| #define SIZEOF_INT 4
| #define SIZEOF_LONG 8
| #define SIZEOF_LONG_LONG 8
| #define HAVE_ADDRINFO 1
| #define HAVE_SOCKADDR_STORAGE 1
| #define HAVE_INADDRSZ 1
| #define HAVE_IN6ADDRSZ 1
| #define HAVE_RES_USE_INET6 1
| /* end confdefs.h.  */
| 
| #		include <sys/types.h>
| #		include <netinet/in.h>
| #		include <netinet6/in6.h>
| #		include <resolv.h>
| int
| main ()
| {
| struct __res_state_ext e
|   ;
|   return 0;
| }
configure:5398: result: no
configure:5410: checking for nsort in res_state
configure:5430: gcc -c -DINET6 -g -O2  conftest.c >&5
conftest.c:41:28: fatal error: netinet6/in6.h: No such file or directory
compilation terminated.
configure:5430: $? = 1
configure: failed program was:
| /* confdefs.h */
| #define PACKAGE_NAME ""
| #define PACKAGE_TARNAME ""
| #define PACKAGE_VERSION ""
| #define PACKAGE_STRING ""
| #define PACKAGE_BUGREPORT ""
| #define PACKAGE_URL ""
| #define inline inline
| #define HAVE___ATTRIBUTE__ 1
| #define __ATTRIBUTE___FORMAT_OK_FOR_FUNCTION_POINTERS 1
| #define STDC_HEADERS 1
| #define HAVE_SYS_TYPES_H 1
| #define HAVE_SYS_STAT_H 1
| #define HAVE_STDLIB_H 1
| #define HAVE_STRING_H 1
| #define HAVE_MEMORY_H 1
| #define HAVE_STRINGS_H 1
| #define HAVE_INTTYPES_H 1
| #define HAVE_STDINT_H 1
| #define HAVE_UNISTD_H 1
| #define HAVE_FCNTL_H 1
| #define HAVE_NETINET_IF_ETHER_H 1
| #define TIME_WITH_SYS_TIME 1
| #define TCPDUMP_DO_SMB 1
| #define INET6 1
| #define HAVE_GETNAMEINFO 1
| #define SIZEOF_CHAR 1
| #define SIZEOF_SHORT 2
| #define SIZEOF_INT 4
| #define SIZEOF_LONG 8
| #define SIZEOF_LONG_LONG 8
| #define HAVE_ADDRINFO 1
| #define HAVE_SOCKADDR_STORAGE 1
| #define HAVE_INADDRSZ 1
| #define HAVE_IN6ADDRSZ 1
| #define HAVE_RES_USE_INET6 1
| /* end confdefs.h.  */
| 
| #		include <sys/types.h>
| #		include <netinet/in.h>
| #		include <netinet6/in6.h>
| #		include <resolv.h>
| int
| main ()
| {
| struct __res_state e; e.nsort = 0
|   ;
|   return 0;
| }
configure:5438: result: no
configure:5447: checking for vfprintf
configure:5447: gcc -o conftest -DINET6 -g -O2   conftest.c  ../lib/libpfring.a -lpthread  >&5
conftest.c:61:6: warning: conflicting types for built-in function 'vfprintf' [enabled by default]
configure:5447: $? = 0
configure:5447: result: yes
configure:5460: checking for strcasecmp
configure:5460: gcc -o conftest -DINET6 -g -O2   conftest.c  ../lib/libpfring.a -lpthread  >&5
conftest.c:62:6: warning: conflicting types for built-in function 'strcasecmp' [enabled by default]
configure:5460: $? = 0
configure:5460: result: yes
configure:5473: checking for strlcat
configure:5473: gcc -o conftest -DINET6 -g -O2   conftest.c  ../lib/libpfring.a -lpthread  >&5
/tmp/ccZlKdlI.o: In function `main':
/traffic/PF_RING/userland/tcpdump-4.1.1/conftest.c:74: undefined reference to `strlcat'
collect2: ld returned 1 exit status
configure:5473: $? = 1
configure: failed program was:
| /* confdefs.h */
| #define PACKAGE_NAME ""
| #define PACKAGE_TARNAME ""
| #define PACKAGE_VERSION ""
| #define PACKAGE_STRING ""
| #define PACKAGE_BUGREPORT ""
| #define PACKAGE_URL ""
| #define inline inline
| #define HAVE___ATTRIBUTE__ 1
| #define __ATTRIBUTE___FORMAT_OK_FOR_FUNCTION_POINTERS 1
| #define STDC_HEADERS 1
| #define HAVE_SYS_TYPES_H 1
| #define HAVE_SYS_STAT_H 1
| #define HAVE_STDLIB_H 1
| #define HAVE_STRING_H 1
| #define HAVE_MEMORY_H 1
| #define HAVE_STRINGS_H 1
| #define HAVE_INTTYPES_H 1
| #define HAVE_STDINT_H 1
| #define HAVE_UNISTD_H 1
| #define HAVE_FCNTL_H 1
| #define HAVE_NETINET_IF_ETHER_H 1
| #define TIME_WITH_SYS_TIME 1
| #define TCPDUMP_DO_SMB 1
| #define INET6 1
| #define HAVE_GETNAMEINFO 1
| #define SIZEOF_CHAR 1
| #define SIZEOF_SHORT 2
| #define SIZEOF_INT 4
| #define SIZEOF_LONG 8
| #define SIZEOF_LONG_LONG 8
| #define HAVE_ADDRINFO 1
| #define HAVE_SOCKADDR_STORAGE 1
| #define HAVE_INADDRSZ 1
| #define HAVE_IN6ADDRSZ 1
| #define HAVE_RES_USE_INET6 1
| #define HAVE_VFPRINTF 1
| #define HAVE_STRCASECMP 1
| /* end confdefs.h.  */
| /* Define strlcat to an innocuous variant, in case <limits.h> declares strlcat.
|    For example, HP-UX 11i <limits.h> declares gettimeofday.  */
| #define strlcat innocuous_strlcat
| 
| /* System header to define __stub macros and hopefully few prototypes,
|     which can conflict with char strlcat (); below.
|     Prefer <limits.h> to <assert.h> if __STDC__ is defined, since
|     <limits.h> exists even on freestanding compilers.  */
| 
| #ifdef __STDC__
| # include <limits.h>
| #else
| # include <assert.h>
| #endif
| 
| #undef strlcat
| 
| /* Override any GCC internal prototype to avoid an error.
|    Use char because int might match the return type of a GCC
|    builtin and then its argument prototype would still apply.  */
| #ifdef __cplusplus
| extern "C"
| #endif
| char strlcat ();
| /* The GNU C library defines this for functions which it implements
|     to always fail with ENOSYS.  Some functions are actually named
|     something starting with __ and the normal name is an alias.  */
| #if defined __stub_strlcat || defined __stub___strlcat
| choke me
| #endif
| 
| int
| main ()
| {
| return strlcat ();
|   ;
|   return 0;
| }
configure:5473: result: no
configure:5486: checking for strlcpy
configure:5486: gcc -o conftest -DINET6 -g -O2   conftest.c  ../lib/libpfring.a -lpthread  >&5
/tmp/ccbKLnuL.o: In function `main':
/traffic/PF_RING/userland/tcpdump-4.1.1/conftest.c:74: undefined reference to `strlcpy'
collect2: ld returned 1 exit status
configure:5486: $? = 1
configure: failed program was:
| /* confdefs.h */
| #define PACKAGE_NAME ""
| #define PACKAGE_TARNAME ""
| #define PACKAGE_VERSION ""
| #define PACKAGE_STRING ""
| #define PACKAGE_BUGREPORT ""
| #define PACKAGE_URL ""
| #define inline inline
| #define HAVE___ATTRIBUTE__ 1
| #define __ATTRIBUTE___FORMAT_OK_FOR_FUNCTION_POINTERS 1
| #define STDC_HEADERS 1
| #define HAVE_SYS_TYPES_H 1
| #define HAVE_SYS_STAT_H 1
| #define HAVE_STDLIB_H 1
| #define HAVE_STRING_H 1
| #define HAVE_MEMORY_H 1
| #define HAVE_STRINGS_H 1
| #define HAVE_INTTYPES_H 1
| #define HAVE_STDINT_H 1
| #define HAVE_UNISTD_H 1
| #define HAVE_FCNTL_H 1
| #define HAVE_NETINET_IF_ETHER_H 1
| #define TIME_WITH_SYS_TIME 1
| #define TCPDUMP_DO_SMB 1
| #define INET6 1
| #define HAVE_GETNAMEINFO 1
| #define SIZEOF_CHAR 1
| #define SIZEOF_SHORT 2
| #define SIZEOF_INT 4
| #define SIZEOF_LONG 8
| #define SIZEOF_LONG_LONG 8
| #define HAVE_ADDRINFO 1
| #define HAVE_SOCKADDR_STORAGE 1
| #define HAVE_INADDRSZ 1
| #define HAVE_IN6ADDRSZ 1
| #define HAVE_RES_USE_INET6 1
| #define HAVE_VFPRINTF 1
| #define HAVE_STRCASECMP 1
| /* end confdefs.h.  */
| /* Define strlcpy to an innocuous variant, in case <limits.h> declares strlcpy.
|    For example, HP-UX 11i <limits.h> declares gettimeofday.  */
| #define strlcpy innocuous_strlcpy
| 
| /* System header to define __stub macros and hopefully few prototypes,
|     which can conflict with char strlcpy (); below.
|     Prefer <limits.h> to <assert.h> if __STDC__ is defined, since
|     <limits.h> exists even on freestanding compilers.  */
| 
| #ifdef __STDC__
| # include <limits.h>
| #else
| # include <assert.h>
| #endif
| 
| #undef strlcpy
| 
| /* Override any GCC internal prototype to avoid an error.
|    Use char because int might match the return type of a GCC
|    builtin and then its argument prototype would still apply.  */
| #ifdef __cplusplus
| extern "C"
| #endif
| char strlcpy ();
| /* The GNU C library defines this for functions which it implements
|     to always fail with ENOSYS.  Some functions are actually named
|     something starting with __ and the normal name is an alias.  */
| #if defined __stub_strlcpy || defined __stub___strlcpy
| choke me
| #endif
| 
| int
| main ()
| {
| return strlcpy ();
|   ;
|   return 0;
| }
configure:5486: result: no
configure:5499: checking for strdup
configure:5499: gcc -o conftest -DINET6 -g -O2   conftest.c  ../lib/libpfring.a -lpthread  >&5
conftest.c:63:6: warning: conflicting types for built-in function 'strdup' [enabled by default]
configure:5499: $? = 0
configure:5499: result: yes
configure:5512: checking for strsep
configure:5512: gcc -o conftest -DINET6 -g -O2   conftest.c  ../lib/libpfring.a -lpthread  >&5
configure:5512: $? = 0
configure:5512: result: yes
configure:5528: checking for strftime
configure:5528: gcc -o conftest -DINET6 -g -O2   conftest.c  ../lib/libpfring.a -lpthread  >&5
conftest.c:65:6: warning: conflicting types for built-in function 'strftime' [enabled by default]
configure:5528: $? = 0
configure:5528: result: yes
configure:5540: checking for setlinebuf
configure:5540: gcc -o conftest -DINET6 -g -O2   conftest.c  ../lib/libpfring.a -lpthread  >&5
configure:5540: $? = 0
configure:5540: result: yes
configure:5540: checking for alarm
configure:5540: gcc -o conftest -DINET6 -g -O2   conftest.c  ../lib/libpfring.a -lpthread  >&5
configure:5540: $? = 0
configure:5540: result: yes
configure:5554: checking for vsnprintf
configure:5554: gcc -o conftest -DINET6 -g -O2   conftest.c  ../lib/libpfring.a -lpthread  >&5
conftest.c:68:6: warning: conflicting types for built-in function 'vsnprintf' [enabled by default]
configure:5554: $? = 0
configure:5554: result: yes
configure:5554: checking for snprintf
configure:5554: gcc -o conftest -DINET6 -g -O2   conftest.c  ../lib/libpfring.a -lpthread  >&5
conftest.c:69:6: warning: conflicting types for built-in function 'snprintf' [enabled by default]
configure:5554: $? = 0
configure:5554: result: yes
configure:5575: checking return type of signal handlers
configure:5593: gcc -c -DINET6 -g -O2  conftest.c >&5
conftest.c: In function 'main':
conftest.c:53:1: error: void value not ignored as it ought to be
configure:5593: $? = 1
configure: failed program was:
| /* confdefs.h */
| #define PACKAGE_NAME ""
| #define PACKAGE_TARNAME ""
| #define PACKAGE_VERSION ""
| #define PACKAGE_STRING ""
| #define PACKAGE_BUGREPORT ""
| #define PACKAGE_URL ""
| #define inline inline
| #define HAVE___ATTRIBUTE__ 1
| #define __ATTRIBUTE___FORMAT_OK_FOR_FUNCTION_POINTERS 1
| #define STDC_HEADERS 1
| #define HAVE_SYS_TYPES_H 1
| #define HAVE_SYS_STAT_H 1
| #define HAVE_STDLIB_H 1
| #define HAVE_STRING_H 1
| #define HAVE_MEMORY_H 1
| #define HAVE_STRINGS_H 1
| #define HAVE_INTTYPES_H 1
| #define HAVE_STDINT_H 1
| #define HAVE_UNISTD_H 1
| #define HAVE_FCNTL_H 1
| #define HAVE_NETINET_IF_ETHER_H 1
| #define TIME_WITH_SYS_TIME 1
| #define TCPDUMP_DO_SMB 1
| #define INET6 1
| #define HAVE_GETNAMEINFO 1
| #define SIZEOF_CHAR 1
| #define SIZEOF_SHORT 2
| #define SIZEOF_INT 4
| #define SIZEOF_LONG 8
| #define SIZEOF_LONG_LONG 8
| #define HAVE_ADDRINFO 1
| #define HAVE_SOCKADDR_STORAGE 1
| #define HAVE_INADDRSZ 1
| #define HAVE_IN6ADDRSZ 1
| #define HAVE_RES_USE_INET6 1
| #define HAVE_VFPRINTF 1
| #define HAVE_STRCASECMP 1
| #define HAVE_STRDUP 1
| #define HAVE_STRSEP 1
| #define HAVE_STRFTIME 1
| #define HAVE_SETLINEBUF 1
| #define HAVE_ALARM 1
| #define HAVE_VSNPRINTF 1
| #define HAVE_SNPRINTF 1
| /* end confdefs.h.  */
| #include <sys/types.h>
| #include <signal.h>
| 
| int
| main ()
| {
| return *(signal (0, 0)) (0) == 1;
|   ;
|   return 0;
| }
configure:5600: result: void
configure:5628: checking for sigaction
configure:5628: gcc -o conftest -DINET6 -g -O2   conftest.c  ../lib/libpfring.a -lpthread  >&5
configure:5628: $? = 0
configure:5628: result: yes
configure:5653: checking for library containing dnet_htoa
configure:5684: gcc -o conftest -DINET6 -g -O2   conftest.c  ../lib/libpfring.a -lpthread  >&5
/tmp/ccF4OuNd.o: In function `main':
/traffic/PF_RING/userland/tcpdump-4.1.1/conftest.c:61: undefined reference to `dnet_htoa'
collect2: ld returned 1 exit status
configure:5684: $? = 1
configure: failed program was:
| /* confdefs.h */
| #define PACKAGE_NAME ""
| #define PACKAGE_TARNAME ""
| #define PACKAGE_VERSION ""
| #define PACKAGE_STRING ""
| #define PACKAGE_BUGREPORT ""
| #define PACKAGE_URL ""
| #define inline inline
| #define HAVE___ATTRIBUTE__ 1
| #define __ATTRIBUTE___FORMAT_OK_FOR_FUNCTION_POINTERS 1
| #define STDC_HEADERS 1
| #define HAVE_SYS_TYPES_H 1
| #define HAVE_SYS_STAT_H 1
| #define HAVE_STDLIB_H 1
| #define HAVE_STRING_H 1
| #define HAVE_MEMORY_H 1
| #define HAVE_STRINGS_H 1
| #define HAVE_INTTYPES_H 1
| #define HAVE_STDINT_H 1
| #define HAVE_UNISTD_H 1
| #define HAVE_FCNTL_H 1
| #define HAVE_NETINET_IF_ETHER_H 1
| #define TIME_WITH_SYS_TIME 1
| #define TCPDUMP_DO_SMB 1
| #define INET6 1
| #define HAVE_GETNAMEINFO 1
| #define SIZEOF_CHAR 1
| #define SIZEOF_SHORT 2
| #define SIZEOF_INT 4
| #define SIZEOF_LONG 8
| #define SIZEOF_LONG_LONG 8
| #define HAVE_ADDRINFO 1
| #define HAVE_SOCKADDR_STORAGE 1
| #define HAVE_INADDRSZ 1
| #define HAVE_IN6ADDRSZ 1
| #define HAVE_RES_USE_INET6 1
| #define HAVE_VFPRINTF 1
| #define HAVE_STRCASECMP 1
| #define HAVE_STRDUP 1
| #define HAVE_STRSEP 1
| #define HAVE_STRFTIME 1
| #define HAVE_SETLINEBUF 1
| #define HAVE_ALARM 1
| #define HAVE_VSNPRINTF 1
| #define HAVE_SNPRINTF 1
| #define RETSIGTYPE void
| #define RETSIGVAL /**/
| #define HAVE_SIGACTION 1
| /* end confdefs.h.  */
| 
| /* Override any GCC internal prototype to avoid an error.
|    Use char because int might match the return type of a GCC
|    builtin and then its argument prototype would still apply.  */
| #ifdef __cplusplus
| extern "C"
| #endif
| char dnet_htoa ();
| int
| main ()
| {
| return dnet_htoa ();
|   ;
|   return 0;
| }
configure:5684: gcc -o conftest -DINET6 -g -O2   conftest.c -ldnet   ../lib/libpfring.a -lpthread  >&5
/usr/bin/ld: cannot find -ldnet
collect2: ld returned 1 exit status
configure:5684: $? = 1
configure: failed program was:
| /* confdefs.h */
| #define PACKAGE_NAME ""
| #define PACKAGE_TARNAME ""
| #define PACKAGE_VERSION ""
| #define PACKAGE_STRING ""
| #define PACKAGE_BUGREPORT ""
| #define PACKAGE_URL ""
| #define inline inline
| #define HAVE___ATTRIBUTE__ 1
| #define __ATTRIBUTE___FORMAT_OK_FOR_FUNCTION_POINTERS 1
| #define STDC_HEADERS 1
| #define HAVE_SYS_TYPES_H 1
| #define HAVE_SYS_STAT_H 1
| #define HAVE_STDLIB_H 1
| #define HAVE_STRING_H 1
| #define HAVE_MEMORY_H 1
| #define HAVE_STRINGS_H 1
| #define HAVE_INTTYPES_H 1
| #define HAVE_STDINT_H 1
| #define HAVE_UNISTD_H 1
| #define HAVE_FCNTL_H 1
| #define HAVE_NETINET_IF_ETHER_H 1
| #define TIME_WITH_SYS_TIME 1
| #define TCPDUMP_DO_SMB 1
| #define INET6 1
| #define HAVE_GETNAMEINFO 1
| #define SIZEOF_CHAR 1
| #define SIZEOF_SHORT 2
| #define SIZEOF_INT 4
| #define SIZEOF_LONG 8
| #define SIZEOF_LONG_LONG 8
| #define HAVE_ADDRINFO 1
| #define HAVE_SOCKADDR_STORAGE 1
| #define HAVE_INADDRSZ 1
| #define HAVE_IN6ADDRSZ 1
| #define HAVE_RES_USE_INET6 1
| #define HAVE_VFPRINTF 1
| #define HAVE_STRCASECMP 1
| #define HAVE_STRDUP 1
| #define HAVE_STRSEP 1
| #define HAVE_STRFTIME 1
| #define HAVE_SETLINEBUF 1
| #define HAVE_ALARM 1
| #define HAVE_VSNPRINTF 1
| #define HAVE_SNPRINTF 1
| #define RETSIGTYPE void
| #define RETSIGVAL /**/
| #define HAVE_SIGACTION 1
| /* end confdefs.h.  */
| 
| /* Override any GCC internal prototype to avoid an error.
|    Use char because int might match the return type of a GCC
|    builtin and then its argument prototype would still apply.  */
| #ifdef __cplusplus
| extern "C"
| #endif
| char dnet_htoa ();
| int
| main ()
| {
| return dnet_htoa ();
|   ;
|   return 0;
| }
configure:5701: result: no
configure:5711: checking for main in -lrpc
configure:5730: gcc -o conftest -DINET6 -g -O2   conftest.c -lrpc   ../lib/libpfring.a -lpthread  >&5
/usr/bin/ld: cannot find -lrpc
collect2: ld returned 1 exit status
configure:5730: $? = 1
configure: failed program was:
| /* confdefs.h */
| #define PACKAGE_NAME ""
| #define PACKAGE_TARNAME ""
| #define PACKAGE_VERSION ""
| #define PACKAGE_STRING ""
| #define PACKAGE_BUGREPORT ""
| #define PACKAGE_URL ""
| #define inline inline
| #define HAVE___ATTRIBUTE__ 1
| #define __ATTRIBUTE___FORMAT_OK_FOR_FUNCTION_POINTERS 1
| #define STDC_HEADERS 1
| #define HAVE_SYS_TYPES_H 1
| #define HAVE_SYS_STAT_H 1
| #define HAVE_STDLIB_H 1
| #define HAVE_STRING_H 1
| #define HAVE_MEMORY_H 1
| #define HAVE_STRINGS_H 1
| #define HAVE_INTTYPES_H 1
| #define HAVE_STDINT_H 1
| #define HAVE_UNISTD_H 1
| #define HAVE_FCNTL_H 1
| #define HAVE_NETINET_IF_ETHER_H 1
| #define TIME_WITH_SYS_TIME 1
| #define TCPDUMP_DO_SMB 1
| #define INET6 1
| #define HAVE_GETNAMEINFO 1
| #define SIZEOF_CHAR 1
| #define SIZEOF_SHORT 2
| #define SIZEOF_INT 4
| #define SIZEOF_LONG 8
| #define SIZEOF_LONG_LONG 8
| #define HAVE_ADDRINFO 1
| #define HAVE_SOCKADDR_STORAGE 1
| #define HAVE_INADDRSZ 1
| #define HAVE_IN6ADDRSZ 1
| #define HAVE_RES_USE_INET6 1
| #define HAVE_VFPRINTF 1
| #define HAVE_STRCASECMP 1
| #define HAVE_STRDUP 1
| #define HAVE_STRSEP 1
| #define HAVE_STRFTIME 1
| #define HAVE_SETLINEBUF 1
| #define HAVE_ALARM 1
| #define HAVE_VSNPRINTF 1
| #define HAVE_SNPRINTF 1
| #define RETSIGTYPE void
| #define RETSIGVAL /**/
| #define HAVE_SIGACTION 1
| /* end confdefs.h.  */
| 
| 
| int
| main ()
| {
| return main ();
|   ;
|   return 0;
| }
configure:5739: result: no
configure:5750: checking for library containing getrpcbynumber
configure:5781: gcc -o conftest -DINET6 -g -O2   conftest.c  ../lib/libpfring.a -lpthread  >&5
configure:5781: $? = 0
configure:5798: result: none required
configure:5814: checking for library containing gethostbyname
configure:5845: gcc -o conftest -DINET6 -g -O2   conftest.c  ../lib/libpfring.a -lpthread  >&5
configure:5845: $? = 0
configure:5862: result: none required
configure:5915: checking for library containing socket
configure:5946: gcc -o conftest -DINET6 -g -O2   conftest.c  ../lib/libpfring.a -lpthread  >&5
configure:5946: $? = 0
configure:5963: result: none required
configure:6013: checking for library containing putmsg
configure:6044: gcc -o conftest -DINET6 -g -O2   conftest.c  ../lib/libpfring.a -lpthread  >&5
configure:6044: $? = 0
configure:6061: result: none required
configure:6091: checking for local pcap library
configure:6234: result: ./../libpcap/libpcap.a
configure:6238: checking for pcap-config
configure:6256: found ./../libpcap/pcap-config
configure:6268: result: ./../libpcap/pcap-config
configure:6322: checking for pcap_list_datalinks
configure:6322: gcc -o conftest -DINET6 -g -O2   conftest.c ./../libpcap/libpcap.a ../lib/libpfring.a -lpthread  ../lib/libpfring.a -lpthread  >&5
configure:6322: $? = 0
configure:6322: result: yes
configure:6337: checking for pcap_set_datalink
configure:6337: gcc -o conftest -DINET6 -g -O2   conftest.c ./../libpcap/libpcap.a ../lib/libpfring.a -lpthread  ../lib/libpfring.a -lpthread  >&5
configure:6337: $? = 0
configure:6337: result: yes
configure:6343: checking for pcap_datalink_name_to_val
configure:6343: gcc -o conftest -DINET6 -g -O2   conftest.c ./../libpcap/libpcap.a ../lib/libpfring.a -lpthread  ../lib/libpfring.a -lpthread  >&5
configure:6343: $? = 0
configure:6343: result: yes
configure:6348: checking for pcap_datalink_val_to_description
configure:6348: gcc -o conftest -DINET6 -g -O2   conftest.c ./../libpcap/libpcap.a ../lib/libpfring.a -lpthread  ../lib/libpfring.a -lpthread  >&5
configure:6348: $? = 0
configure:6348: result: yes
configure:6378: checking for pcap_breakloop
configure:6378: gcc -o conftest -DINET6 -g -O2   conftest.c ./../libpcap/libpcap.a ../lib/libpfring.a -lpthread  ../lib/libpfring.a -lpthread  >&5
configure:6378: $? = 0
configure:6378: result: yes
configure:6388: checking for pcap_dump_ftell
configure:6388: gcc -o conftest -DINET6 -g -O2   conftest.c ./../libpcap/libpcap.a ../lib/libpfring.a -lpthread  ../lib/libpfring.a -lpthread  >&5
configure:6388: $? = 0
configure:6388: result: yes
configure:6417: checking for inet_ntop
configure:6434: gcc -o conftest -DINET6 -g -O2   conftest.c ./../libpcap/libpcap.a ../lib/libpfring.a -lpthread  ../lib/libpfring.a -lpthread  >&5
configure:6434: $? = 0
configure:6435: result: yes
configure:6449: checking for inet_pton
configure:6466: gcc -o conftest -DINET6 -g -O2   conftest.c ./../libpcap/libpcap.a ../lib/libpfring.a -lpthread  ../lib/libpfring.a -lpthread  >&5
configure:6466: $? = 0
configure:6467: result: yes
configure:6481: checking for inet_aton
configure:6498: gcc -o conftest -DINET6 -g -O2   conftest.c ./../libpcap/libpcap.a ../lib/libpfring.a -lpthread  ../lib/libpfring.a -lpthread  >&5
configure:6498: $? = 0
configure:6499: result: yes
configure:6529: checking for ether_ntohost
configure:6529: gcc -o conftest -DINET6 -g -O2   conftest.c ./../libpcap/libpcap.a ../lib/libpfring.a -lpthread  ../lib/libpfring.a -lpthread  >&5
configure:6529: $? = 0
configure:6529: result: yes
configure:6535: checking for buggy ether_ntohost
configure:6563: gcc -o conftest -DINET6 -g -O2   conftest.c ./../libpcap/libpcap.a ../lib/libpfring.a -lpthread  ../lib/libpfring.a -lpthread  >&5
conftest.c: In function 'main':
conftest.c:71:4: warning: incompatible implicit declaration of built-in function 'exit' [enabled by default]
configure:6563: $? = 0
configure:6563: ./conftest
configure:6563: $? = 0
configure:6573: result: no
configure:6592: checking whether ether_ntohost is declared
configure:6592: gcc -c -DINET6 -g -O2  conftest.c >&5
conftest.c: In function 'main':
conftest.c:77:10: error: 'ether_ntohost' undeclared (first use in this function)
conftest.c:77:10: note: each undeclared identifier is reported only once for each function it appears in
configure:6592: $? = 1
configure: failed program was:
| /* confdefs.h */
| #define PACKAGE_NAME ""
| #define PACKAGE_TARNAME ""
| #define PACKAGE_VERSION ""
| #define PACKAGE_STRING ""
| #define PACKAGE_BUGREPORT ""
| #define PACKAGE_URL ""
| #define inline inline
| #define HAVE___ATTRIBUTE__ 1
| #define __ATTRIBUTE___FORMAT_OK_FOR_FUNCTION_POINTERS 1
| #define STDC_HEADERS 1
| #define HAVE_SYS_TYPES_H 1
| #define HAVE_SYS_STAT_H 1
| #define HAVE_STDLIB_H 1
| #define HAVE_STRING_H 1
| #define HAVE_MEMORY_H 1
| #define HAVE_STRINGS_H 1
| #define HAVE_INTTYPES_H 1
| #define HAVE_STDINT_H 1
| #define HAVE_UNISTD_H 1
| #define HAVE_FCNTL_H 1
| #define HAVE_NETINET_IF_ETHER_H 1
| #define TIME_WITH_SYS_TIME 1
| #define TCPDUMP_DO_SMB 1
| #define INET6 1
| #define HAVE_GETNAMEINFO 1
| #define SIZEOF_CHAR 1
| #define SIZEOF_SHORT 2
| #define SIZEOF_INT 4
| #define SIZEOF_LONG 8
| #define SIZEOF_LONG_LONG 8
| #define HAVE_ADDRINFO 1
| #define HAVE_SOCKADDR_STORAGE 1
| #define HAVE_INADDRSZ 1
| #define HAVE_IN6ADDRSZ 1
| #define HAVE_RES_USE_INET6 1
| #define HAVE_VFPRINTF 1
| #define HAVE_STRCASECMP 1
| #define HAVE_STRDUP 1
| #define HAVE_STRSEP 1
| #define HAVE_STRFTIME 1
| #define HAVE_SETLINEBUF 1
| #define HAVE_ALARM 1
| #define HAVE_VSNPRINTF 1
| #define HAVE_SNPRINTF 1
| #define RETSIGTYPE void
| #define RETSIGVAL /**/
| #define HAVE_SIGACTION 1
| #define HAVE_GETRPCBYNUMBER 1
| #define HAVE_PCAP_LIST_DATALINKS 1
| #define HAVE_PCAP_SET_DATALINK 1
| #define HAVE_PCAP_DATALINK_NAME_TO_VAL 1
| #define HAVE_PCAP_DATALINK_VAL_TO_DESCRIPTION 1
| #define HAVE_PCAP_BREAKLOOP 1
| #define HAVE_PCAP_DUMP_FTELL 1
| #define HAVE_ETHER_NTOHOST 1
| #define USE_ETHER_NTOHOST 1
| /* end confdefs.h.  */
| 
| #include <sys/types.h>
| #include <sys/socket.h>
| #include <netinet/in.h>
| #include <arpa/inet.h>
| struct mbuf;
| struct rtentry;
| #include <net/if.h>
| #include <netinet/if_ether.h>
| 
| 
| int
| main ()
| {
| #ifndef ether_ntohost
| #ifdef __cplusplus
|   (void) ether_ntohost;
| #else
|   (void) ether_ntohost;
| #endif
| #endif
| 
|   ;
|   return 0;
| }
configure:6592: result: no
configure:6621: checking netinet/ether.h usability
configure:6621: gcc -c -DINET6 -g -O2  conftest.c >&5
configure:6621: $? = 0
configure:6621: result: yes
configure:6621: checking netinet/ether.h presence
configure:6621: gcc -E  conftest.c
configure:6621: $? = 0
configure:6621: result: yes
configure:6621: checking for netinet/ether.h
configure:6621: result: yes
configure:6639: checking whether ether_ntohost is declared
configure:6639: gcc -c -DINET6 -g -O2  conftest.c >&5
configure:6639: $? = 0
configure:6639: result: yes
configure:6692: checking for dlpi_walk in -ldlpi
configure:6717: gcc -o conftest -DINET6 -g -O2   conftest.c -ldlpi -L/lib ./../libpcap/libpcap.a ../lib/libpfring.a -lpthread  ../lib/libpfring.a -lpthread  >&5
/usr/bin/ld: cannot find -ldlpi
collect2: ld returned 1 exit status
configure:6717: $? = 1
configure: failed program was:
| /* confdefs.h */
| #define PACKAGE_NAME ""
| #define PACKAGE_TARNAME ""
| #define PACKAGE_VERSION ""
| #define PACKAGE_STRING ""
| #define PACKAGE_BUGREPORT ""
| #define PACKAGE_URL ""
| #define inline inline
| #define HAVE___ATTRIBUTE__ 1
| #define __ATTRIBUTE___FORMAT_OK_FOR_FUNCTION_POINTERS 1
| #define STDC_HEADERS 1
| #define HAVE_SYS_TYPES_H 1
| #define HAVE_SYS_STAT_H 1
| #define HAVE_STDLIB_H 1
| #define HAVE_STRING_H 1
| #define HAVE_MEMORY_H 1
| #define HAVE_STRINGS_H 1
| #define HAVE_INTTYPES_H 1
| #define HAVE_STDINT_H 1
| #define HAVE_UNISTD_H 1
| #define HAVE_FCNTL_H 1
| #define HAVE_NETINET_IF_ETHER_H 1
| #define TIME_WITH_SYS_TIME 1
| #define TCPDUMP_DO_SMB 1
| #define INET6 1
| #define HAVE_GETNAMEINFO 1
| #define SIZEOF_CHAR 1
| #define SIZEOF_SHORT 2
| #define SIZEOF_INT 4
| #define SIZEOF_LONG 8
| #define SIZEOF_LONG_LONG 8
| #define HAVE_ADDRINFO 1
| #define HAVE_SOCKADDR_STORAGE 1
| #define HAVE_INADDRSZ 1
| #define HAVE_IN6ADDRSZ 1
| #define HAVE_RES_USE_INET6 1
| #define HAVE_VFPRINTF 1
| #define HAVE_STRCASECMP 1
| #define HAVE_STRDUP 1
| #define HAVE_STRSEP 1
| #define HAVE_STRFTIME 1
| #define HAVE_SETLINEBUF 1
| #define HAVE_ALARM 1
| #define HAVE_VSNPRINTF 1
| #define HAVE_SNPRINTF 1
| #define RETSIGTYPE void
| #define RETSIGVAL /**/
| #define HAVE_SIGACTION 1
| #define HAVE_GETRPCBYNUMBER 1
| #define HAVE_PCAP_LIST_DATALINKS 1
| #define HAVE_PCAP_SET_DATALINK 1
| #define HAVE_PCAP_DATALINK_NAME_TO_VAL 1
| #define HAVE_PCAP_DATALINK_VAL_TO_DESCRIPTION 1
| #define HAVE_PCAP_BREAKLOOP 1
| #define HAVE_PCAP_DUMP_FTELL 1
| #define HAVE_ETHER_NTOHOST 1
| #define USE_ETHER_NTOHOST 1
| #define HAVE_NETINET_ETHER_H 1
| #define NETINET_ETHER_H_DECLARES_ETHER_NTOHOST /**/
| #define HAVE_DECL_ETHER_NTOHOST 1
| /* end confdefs.h.  */
| 
| /* Override any GCC internal prototype to avoid an error.
|    Use char because int might match the return type of a GCC
|    builtin and then its argument prototype would still apply.  */
| #ifdef __cplusplus
| extern "C"
| #endif
| char dlpi_walk ();
| int
| main ()
| {
| return dlpi_walk ();
|   ;
|   return 0;
| }
configure:6726: result: no
configure:6734: checking if sockaddr struct has sa_len member
configure:6752: gcc -c -DINET6 -g -O2  conftest.c >&5
conftest.c: In function 'main':
conftest.c:68:40: error: 'struct sockaddr' has no member named 'sa_len'
configure:6752: $? = 1
configure: failed program was:
| /* confdefs.h */
| #define PACKAGE_NAME ""
| #define PACKAGE_TARNAME ""
| #define PACKAGE_VERSION ""
| #define PACKAGE_STRING ""
| #define PACKAGE_BUGREPORT ""
| #define PACKAGE_URL ""
| #define inline inline
| #define HAVE___ATTRIBUTE__ 1
| #define __ATTRIBUTE___FORMAT_OK_FOR_FUNCTION_POINTERS 1
| #define STDC_HEADERS 1
| #define HAVE_SYS_TYPES_H 1
| #define HAVE_SYS_STAT_H 1
| #define HAVE_STDLIB_H 1
| #define HAVE_STRING_H 1
| #define HAVE_MEMORY_H 1
| #define HAVE_STRINGS_H 1
| #define HAVE_INTTYPES_H 1
| #define HAVE_STDINT_H 1
| #define HAVE_UNISTD_H 1
| #define HAVE_FCNTL_H 1
| #define HAVE_NETINET_IF_ETHER_H 1
| #define TIME_WITH_SYS_TIME 1
| #define TCPDUMP_DO_SMB 1
| #define INET6 1
| #define HAVE_GETNAMEINFO 1
| #define SIZEOF_CHAR 1
| #define SIZEOF_SHORT 2
| #define SIZEOF_INT 4
| #define SIZEOF_LONG 8
| #define SIZEOF_LONG_LONG 8
| #define HAVE_ADDRINFO 1
| #define HAVE_SOCKADDR_STORAGE 1
| #define HAVE_INADDRSZ 1
| #define HAVE_IN6ADDRSZ 1
| #define HAVE_RES_USE_INET6 1
| #define HAVE_VFPRINTF 1
| #define HAVE_STRCASECMP 1
| #define HAVE_STRDUP 1
| #define HAVE_STRSEP 1
| #define HAVE_STRFTIME 1
| #define HAVE_SETLINEBUF 1
| #define HAVE_ALARM 1
| #define HAVE_VSNPRINTF 1
| #define HAVE_SNPRINTF 1
| #define RETSIGTYPE void
| #define RETSIGVAL /**/
| #define HAVE_SIGACTION 1
| #define HAVE_GETRPCBYNUMBER 1
| #define HAVE_PCAP_LIST_DATALINKS 1
| #define HAVE_PCAP_SET_DATALINK 1
| #define HAVE_PCAP_DATALINK_NAME_TO_VAL 1
| #define HAVE_PCAP_DATALINK_VAL_TO_DESCRIPTION 1
| #define HAVE_PCAP_BREAKLOOP 1
| #define HAVE_PCAP_DUMP_FTELL 1
| #define HAVE_ETHER_NTOHOST 1
| #define USE_ETHER_NTOHOST 1
| #define HAVE_NETINET_ETHER_H 1
| #define NETINET_ETHER_H_DECLARES_ETHER_NTOHOST /**/
| #define HAVE_DECL_ETHER_NTOHOST 1
| /* end confdefs.h.  */
| 
| #		include <sys/types.h>
| #		include <sys/socket.h>
| int
| main ()
| {
| u_int i = sizeof(((struct sockaddr *)0)->sa_len)
|   ;
|   return 0;
| }
configure:6760: result: no
configure:6776: checking for pcap_create
configure:6776: gcc -o conftest -DINET6 -g -O2   conftest.c ./../libpcap/libpcap.a ../lib/libpfring.a -lpthread  ../lib/libpfring.a -lpthread  >&5
configure:6776: $? = 0
configure:6776: result: yes
configure:6789: checking for pcap_findalldevs
configure:6789: gcc -o conftest -DINET6 -g -O2   conftest.c ./../libpcap/libpcap.a ../lib/libpfring.a -lpthread  ../lib/libpfring.a -lpthread  >&5
configure:6789: $? = 0
configure:6789: result: yes
configure:6789: checking for pcap_dump_flush
configure:6789: gcc -o conftest -DINET6 -g -O2   conftest.c ./../libpcap/libpcap.a ../lib/libpfring.a -lpthread  ../lib/libpfring.a -lpthread  >&5
configure:6789: $? = 0
configure:6789: result: yes
configure:6789: checking for pcap_lib_version
configure:6789: gcc -o conftest -DINET6 -g -O2   conftest.c ./../libpcap/libpcap.a ../lib/libpfring.a -lpthread  ../lib/libpfring.a -lpthread  >&5
configure:6789: $? = 0
configure:6789: result: yes
configure:6801: checking for pcap_if_t
configure:6801: gcc -c -DINET6 -g -O2  -I./../libpcap  conftest.c >&5
configure:6801: $? = 0
configure:6801: gcc -c -DINET6 -g -O2  -I./../libpcap  conftest.c >&5
conftest.c: In function 'main':
conftest.c:71:24: error: expected expression before ')' token
configure:6801: $? = 1
configure: failed program was:
| /* confdefs.h */
| #define PACKAGE_NAME ""
| #define PACKAGE_TARNAME ""
| #define PACKAGE_VERSION ""
| #define PACKAGE_STRING ""
| #define PACKAGE_BUGREPORT ""
| #define PACKAGE_URL ""
| #define inline inline
| #define HAVE___ATTRIBUTE__ 1
| #define __ATTRIBUTE___FORMAT_OK_FOR_FUNCTION_POINTERS 1
| #define STDC_HEADERS 1
| #define HAVE_SYS_TYPES_H 1
| #define HAVE_SYS_STAT_H 1
| #define HAVE_STDLIB_H 1
| #define HAVE_STRING_H 1
| #define HAVE_MEMORY_H 1
| #define HAVE_STRINGS_H 1
| #define HAVE_INTTYPES_H 1
| #define HAVE_STDINT_H 1
| #define HAVE_UNISTD_H 1
| #define HAVE_FCNTL_H 1
| #define HAVE_NETINET_IF_ETHER_H 1
| #define TIME_WITH_SYS_TIME 1
| #define TCPDUMP_DO_SMB 1
| #define INET6 1
| #define HAVE_GETNAMEINFO 1
| #define SIZEOF_CHAR 1
| #define SIZEOF_SHORT 2
| #define SIZEOF_INT 4
| #define SIZEOF_LONG 8
| #define SIZEOF_LONG_LONG 8
| #define HAVE_ADDRINFO 1
| #define HAVE_SOCKADDR_STORAGE 1
| #define HAVE_INADDRSZ 1
| #define HAVE_IN6ADDRSZ 1
| #define HAVE_RES_USE_INET6 1
| #define HAVE_VFPRINTF 1
| #define HAVE_STRCASECMP 1
| #define HAVE_STRDUP 1
| #define HAVE_STRSEP 1
| #define HAVE_STRFTIME 1
| #define HAVE_SETLINEBUF 1
| #define HAVE_ALARM 1
| #define HAVE_VSNPRINTF 1
| #define HAVE_SNPRINTF 1
| #define RETSIGTYPE void
| #define RETSIGVAL /**/
| #define HAVE_SIGACTION 1
| #define HAVE_GETRPCBYNUMBER 1
| #define HAVE_PCAP_LIST_DATALINKS 1
| #define HAVE_PCAP_SET_DATALINK 1
| #define HAVE_PCAP_DATALINK_NAME_TO_VAL 1
| #define HAVE_PCAP_DATALINK_VAL_TO_DESCRIPTION 1
| #define HAVE_PCAP_BREAKLOOP 1
| #define HAVE_PCAP_DUMP_FTELL 1
| #define HAVE_ETHER_NTOHOST 1
| #define USE_ETHER_NTOHOST 1
| #define HAVE_NETINET_ETHER_H 1
| #define NETINET_ETHER_H_DECLARES_ETHER_NTOHOST /**/
| #define HAVE_DECL_ETHER_NTOHOST 1
| #define HAVE_PCAP_CREATE 1
| #define HAVE_PCAP_FINDALLDEVS 1
| #define HAVE_PCAP_DUMP_FLUSH 1
| #define HAVE_PCAP_LIB_VERSION 1
| /* end confdefs.h.  */
| #include <pcap.h>
| 
| int
| main ()
| {
| if (sizeof ((pcap_if_t)))
| 	    return 0;
|   ;
|   return 0;
| }
configure:6801: result: yes
configure:6850: checking whether pcap_debug is defined by libpcap
configure:6867: gcc -o conftest -DINET6 -g -O2   conftest.c ./../libpcap/libpcap.a ../lib/libpfring.a -lpthread  ../lib/libpfring.a -lpthread  >&5
/tmp/ccNSkQly.o: In function `main':
/traffic/PF_RING/userland/tcpdump-4.1.1/conftest.c:78: undefined reference to `pcap_debug'
collect2: ld returned 1 exit status
configure:6867: $? = 1
configure: failed program was:
| /* confdefs.h */
| #define PACKAGE_NAME ""
| #define PACKAGE_TARNAME ""
| #define PACKAGE_VERSION ""
| #define PACKAGE_STRING ""
| #define PACKAGE_BUGREPORT ""
| #define PACKAGE_URL ""
| #define inline inline
| #define HAVE___ATTRIBUTE__ 1
| #define __ATTRIBUTE___FORMAT_OK_FOR_FUNCTION_POINTERS 1
| #define STDC_HEADERS 1
| #define HAVE_SYS_TYPES_H 1
| #define HAVE_SYS_STAT_H 1
| #define HAVE_STDLIB_H 1
| #define HAVE_STRING_H 1
| #define HAVE_MEMORY_H 1
| #define HAVE_STRINGS_H 1
| #define HAVE_INTTYPES_H 1
| #define HAVE_STDINT_H 1
| #define HAVE_UNISTD_H 1
| #define HAVE_FCNTL_H 1
| #define HAVE_NETINET_IF_ETHER_H 1
| #define TIME_WITH_SYS_TIME 1
| #define TCPDUMP_DO_SMB 1
| #define INET6 1
| #define HAVE_GETNAMEINFO 1
| #define SIZEOF_CHAR 1
| #define SIZEOF_SHORT 2
| #define SIZEOF_INT 4
| #define SIZEOF_LONG 8
| #define SIZEOF_LONG_LONG 8
| #define HAVE_ADDRINFO 1
| #define HAVE_SOCKADDR_STORAGE 1
| #define HAVE_INADDRSZ 1
| #define HAVE_IN6ADDRSZ 1
| #define HAVE_RES_USE_INET6 1
| #define HAVE_VFPRINTF 1
| #define HAVE_STRCASECMP 1
| #define HAVE_STRDUP 1
| #define HAVE_STRSEP 1
| #define HAVE_STRFTIME 1
| #define HAVE_SETLINEBUF 1
| #define HAVE_ALARM 1
| #define HAVE_VSNPRINTF 1
| #define HAVE_SNPRINTF 1
| #define RETSIGTYPE void
| #define RETSIGVAL /**/
| #define HAVE_SIGACTION 1
| #define HAVE_GETRPCBYNUMBER 1
| #define HAVE_PCAP_LIST_DATALINKS 1
| #define HAVE_PCAP_SET_DATALINK 1
| #define HAVE_PCAP_DATALINK_NAME_TO_VAL 1
| #define HAVE_PCAP_DATALINK_VAL_TO_DESCRIPTION 1
| #define HAVE_PCAP_BREAKLOOP 1
| #define HAVE_PCAP_DUMP_FTELL 1
| #define HAVE_ETHER_NTOHOST 1
| #define USE_ETHER_NTOHOST 1
| #define HAVE_NETINET_ETHER_H 1
| #define NETINET_ETHER_H_DECLARES_ETHER_NTOHOST /**/
| #define HAVE_DECL_ETHER_NTOHOST 1
| #define HAVE_PCAP_CREATE 1
| #define HAVE_PCAP_FINDALLDEVS 1
| #define HAVE_PCAP_DUMP_FLUSH 1
| #define HAVE_PCAP_LIB_VERSION 1
| #define HAVE_PCAP_IF_T 1
| /* end confdefs.h.  */
| 
| int
| main ()
| {
| 
| 	extern int pcap_debug;
| 
| 	return pcap_debug;
| 
|   ;
|   return 0;
| }
configure:6880: result: no
configure:6885: checking whether yydebug is defined by libpcap
configure:6902: gcc -o conftest -DINET6 -g -O2   conftest.c ./../libpcap/libpcap.a ../lib/libpfring.a -lpthread  ../lib/libpfring.a -lpthread  >&5
/tmp/ccAKldIz.o: In function `main':
/traffic/PF_RING/userland/tcpdump-4.1.1/conftest.c:78: undefined reference to `yydebug'
collect2: ld returned 1 exit status
configure:6902: $? = 1
configure: failed program was:
| /* confdefs.h */
| #define PACKAGE_NAME ""
| #define PACKAGE_TARNAME ""
| #define PACKAGE_VERSION ""
| #define PACKAGE_STRING ""
| #define PACKAGE_BUGREPORT ""
| #define PACKAGE_URL ""
| #define inline inline
| #define HAVE___ATTRIBUTE__ 1
| #define __ATTRIBUTE___FORMAT_OK_FOR_FUNCTION_POINTERS 1
| #define STDC_HEADERS 1
| #define HAVE_SYS_TYPES_H 1
| #define HAVE_SYS_STAT_H 1
| #define HAVE_STDLIB_H 1
| #define HAVE_STRING_H 1
| #define HAVE_MEMORY_H 1
| #define HAVE_STRINGS_H 1
| #define HAVE_INTTYPES_H 1
| #define HAVE_STDINT_H 1
| #define HAVE_UNISTD_H 1
| #define HAVE_FCNTL_H 1
| #define HAVE_NETINET_IF_ETHER_H 1
| #define TIME_WITH_SYS_TIME 1
| #define TCPDUMP_DO_SMB 1
| #define INET6 1
| #define HAVE_GETNAMEINFO 1
| #define SIZEOF_CHAR 1
| #define SIZEOF_SHORT 2
| #define SIZEOF_INT 4
| #define SIZEOF_LONG 8
| #define SIZEOF_LONG_LONG 8
| #define HAVE_ADDRINFO 1
| #define HAVE_SOCKADDR_STORAGE 1
| #define HAVE_INADDRSZ 1
| #define HAVE_IN6ADDRSZ 1
| #define HAVE_RES_USE_INET6 1
| #define HAVE_VFPRINTF 1
| #define HAVE_STRCASECMP 1
| #define HAVE_STRDUP 1
| #define HAVE_STRSEP 1
| #define HAVE_STRFTIME 1
| #define HAVE_SETLINEBUF 1
| #define HAVE_ALARM 1
| #define HAVE_VSNPRINTF 1
| #define HAVE_SNPRINTF 1
| #define RETSIGTYPE void
| #define RETSIGVAL /**/
| #define HAVE_SIGACTION 1
| #define HAVE_GETRPCBYNUMBER 1
| #define HAVE_PCAP_LIST_DATALINKS 1
| #define HAVE_PCAP_SET_DATALINK 1
| #define HAVE_PCAP_DATALINK_NAME_TO_VAL 1
| #define HAVE_PCAP_DATALINK_VAL_TO_DESCRIPTION 1
| #define HAVE_PCAP_BREAKLOOP 1
| #define HAVE_PCAP_DUMP_FTELL 1
| #define HAVE_ETHER_NTOHOST 1
| #define USE_ETHER_NTOHOST 1
| #define HAVE_NETINET_ETHER_H 1
| #define NETINET_ETHER_H_DECLARES_ETHER_NTOHOST /**/
| #define HAVE_DECL_ETHER_NTOHOST 1
| #define HAVE_PCAP_CREATE 1
| #define HAVE_PCAP_FINDALLDEVS 1
| #define HAVE_PCAP_DUMP_FLUSH 1
| #define HAVE_PCAP_LIB_VERSION 1
| #define HAVE_PCAP_IF_T 1
| /* end confdefs.h.  */
| 
| int
| main ()
| {
| 
| 		extern int yydebug;
| 
| 		return yydebug;
| 
|   ;
|   return 0;
| }
configure:6915: result: no
configure:6919: checking for bpf_dump
configure:6919: gcc -o conftest -DINET6 -g -O2   conftest.c ./../libpcap/libpcap.a ../lib/libpfring.a -lpthread  ../lib/libpfring.a -lpthread  >&5
configure:6919: $? = 0
configure:6919: result: yes
configure:7001: checking pcap/bluetooth.h usability
configure:7001: gcc -c -DINET6 -g -O2  -I./../libpcap  conftest.c >&5
configure:7001: $? = 0
configure:7001: result: yes
configure:7001: checking pcap/bluetooth.h presence
configure:7001: gcc -E  -I./../libpcap  conftest.c
configure:7001: $? = 0
configure:7001: result: yes
configure:7001: checking for pcap/bluetooth.h
configure:7001: result: yes
configure:7013: checking pcap/usb.h usability
configure:7013: gcc -c -DINET6 -g -O2  -I./../libpcap  conftest.c >&5
configure:7013: $? = 0
configure:7013: result: yes
configure:7013: checking pcap/usb.h presence
configure:7013: gcc -E  -I./../libpcap  conftest.c
configure:7013: $? = 0
configure:7013: result: yes
configure:7013: checking for pcap/usb.h
configure:7013: result: yes
configure:7027: checking sys/bitypes.h usability
configure:7027: gcc -c -DINET6 -g -O2  conftest.c >&5
configure:7027: $? = 0
configure:7027: result: yes
configure:7027: checking sys/bitypes.h presence
configure:7027: gcc -E  conftest.c
configure:7027: $? = 0
configure:7027: result: yes
configure:7027: checking for sys/bitypes.h
configure:7027: result: yes
configure:7038: checking for int8_t
configure:7038: gcc -c -DINET6 -g -O2  conftest.c >&5
configure:7038: $? = 0
configure:7038: gcc -c -DINET6 -g -O2  conftest.c >&5
conftest.c: In function 'main':
conftest.c:111:21: error: expected expression before ')' token
configure:7038: $? = 1
configure: failed program was:
| /* confdefs.h */
| #define PACKAGE_NAME ""
| #define PACKAGE_TARNAME ""
| #define PACKAGE_VERSION ""
| #define PACKAGE_STRING ""
| #define PACKAGE_BUGREPORT ""
| #define PACKAGE_URL ""
| #define inline inline
| #define HAVE___ATTRIBUTE__ 1
| #define __ATTRIBUTE___FORMAT_OK_FOR_FUNCTION_POINTERS 1
| #define STDC_HEADERS 1
| #define HAVE_SYS_TYPES_H 1
| #define HAVE_SYS_STAT_H 1
| #define HAVE_STDLIB_H 1
| #define HAVE_STRING_H 1
| #define HAVE_MEMORY_H 1
| #define HAVE_STRINGS_H 1
| #define HAVE_INTTYPES_H 1
| #define HAVE_STDINT_H 1
| #define HAVE_UNISTD_H 1
| #define HAVE_FCNTL_H 1
| #define HAVE_NETINET_IF_ETHER_H 1
| #define TIME_WITH_SYS_TIME 1
| #define TCPDUMP_DO_SMB 1
| #define INET6 1
| #define HAVE_GETNAMEINFO 1
| #define SIZEOF_CHAR 1
| #define SIZEOF_SHORT 2
| #define SIZEOF_INT 4
| #define SIZEOF_LONG 8
| #define SIZEOF_LONG_LONG 8
| #define HAVE_ADDRINFO 1
| #define HAVE_SOCKADDR_STORAGE 1
| #define HAVE_INADDRSZ 1
| #define HAVE_IN6ADDRSZ 1
| #define HAVE_RES_USE_INET6 1
| #define HAVE_VFPRINTF 1
| #define HAVE_STRCASECMP 1
| #define HAVE_STRDUP 1
| #define HAVE_STRSEP 1
| #define HAVE_STRFTIME 1
| #define HAVE_SETLINEBUF 1
| #define HAVE_ALARM 1
| #define HAVE_VSNPRINTF 1
| #define HAVE_SNPRINTF 1
| #define RETSIGTYPE void
| #define RETSIGVAL /**/
| #define HAVE_SIGACTION 1
| #define HAVE_GETRPCBYNUMBER 1
| #define HAVE_PCAP_LIST_DATALINKS 1
| #define HAVE_PCAP_SET_DATALINK 1
| #define HAVE_PCAP_DATALINK_NAME_TO_VAL 1
| #define HAVE_PCAP_DATALINK_VAL_TO_DESCRIPTION 1
| #define HAVE_PCAP_BREAKLOOP 1
| #define HAVE_PCAP_DUMP_FTELL 1
| #define HAVE_ETHER_NTOHOST 1
| #define USE_ETHER_NTOHOST 1
| #define HAVE_NETINET_ETHER_H 1
| #define NETINET_ETHER_H_DECLARES_ETHER_NTOHOST /**/
| #define HAVE_DECL_ETHER_NTOHOST 1
| #define HAVE_PCAP_CREATE 1
| #define HAVE_PCAP_FINDALLDEVS 1
| #define HAVE_PCAP_DUMP_FLUSH 1
| #define HAVE_PCAP_LIB_VERSION 1
| #define HAVE_PCAP_IF_T 1
| #define HAVE_BPF_DUMP 1
| #define HAVE_PCAP_BLUETOOTH_H 1
| #define HAVE_PCAP_USB_H 1
| #define HAVE_SYS_BITYPES_H 1
| /* end confdefs.h.  */
| #include <stdio.h>
| #ifdef HAVE_SYS_TYPES_H
| # include <sys/types.h>
| #endif
| #ifdef HAVE_SYS_STAT_H
| # include <sys/stat.h>
| #endif
| #ifdef STDC_HEADERS
| # include <stdlib.h>
| # include <stddef.h>
| #else
| # ifdef HAVE_STDLIB_H
| #  include <stdlib.h>
| # endif
| #endif
| #ifdef HAVE_STRING_H
| # if !defined STDC_HEADERS && defined HAVE_MEMORY_H
| #  include <memory.h>
| # endif
| # include <string.h>
| #endif
| #ifdef HAVE_STRINGS_H
| # include <strings.h>
| #endif
| #ifdef HAVE_INTTYPES_H
| # include <inttypes.h>
| #endif
| #ifdef HAVE_STDINT_H
| # include <stdint.h>
| #endif
| #ifdef HAVE_UNISTD_H
| # include <unistd.h>
| #endif
| #ifdef HAVE_SYS_BITYPES_H
| #include <sys/bitypes.h>
| #endif
| 
| int
| main ()
| {
| if (sizeof ((int8_t)))
| 	    return 0;
|   ;
|   return 0;
| }
configure:7038: result: yes
configure:7051: checking for u_int8_t
configure:7051: gcc -c -DINET6 -g -O2  conftest.c >&5
configure:7051: $? = 0
configure:7051: gcc -c -DINET6 -g -O2  conftest.c >&5
conftest.c: In function 'main':
conftest.c:111:23: error: expected expression before ')' token
configure:7051: $? = 1
configure: failed program was:
| /* confdefs.h */
| #define PACKAGE_NAME ""
| #define PACKAGE_TARNAME ""
| #define PACKAGE_VERSION ""
| #define PACKAGE_STRING ""
| #define PACKAGE_BUGREPORT ""
| #define PACKAGE_URL ""
| #define inline inline
| #define HAVE___ATTRIBUTE__ 1
| #define __ATTRIBUTE___FORMAT_OK_FOR_FUNCTION_POINTERS 1
| #define STDC_HEADERS 1
| #define HAVE_SYS_TYPES_H 1
| #define HAVE_SYS_STAT_H 1
| #define HAVE_STDLIB_H 1
| #define HAVE_STRING_H 1
| #define HAVE_MEMORY_H 1
| #define HAVE_STRINGS_H 1
| #define HAVE_INTTYPES_H 1
| #define HAVE_STDINT_H 1
| #define HAVE_UNISTD_H 1
| #define HAVE_FCNTL_H 1
| #define HAVE_NETINET_IF_ETHER_H 1
| #define TIME_WITH_SYS_TIME 1
| #define TCPDUMP_DO_SMB 1
| #define INET6 1
| #define HAVE_GETNAMEINFO 1
| #define SIZEOF_CHAR 1
| #define SIZEOF_SHORT 2
| #define SIZEOF_INT 4
| #define SIZEOF_LONG 8
| #define SIZEOF_LONG_LONG 8
| #define HAVE_ADDRINFO 1
| #define HAVE_SOCKADDR_STORAGE 1
| #define HAVE_INADDRSZ 1
| #define HAVE_IN6ADDRSZ 1
| #define HAVE_RES_USE_INET6 1
| #define HAVE_VFPRINTF 1
| #define HAVE_STRCASECMP 1
| #define HAVE_STRDUP 1
| #define HAVE_STRSEP 1
| #define HAVE_STRFTIME 1
| #define HAVE_SETLINEBUF 1
| #define HAVE_ALARM 1
| #define HAVE_VSNPRINTF 1
| #define HAVE_SNPRINTF 1
| #define RETSIGTYPE void
| #define RETSIGVAL /**/
| #define HAVE_SIGACTION 1
| #define HAVE_GETRPCBYNUMBER 1
| #define HAVE_PCAP_LIST_DATALINKS 1
| #define HAVE_PCAP_SET_DATALINK 1
| #define HAVE_PCAP_DATALINK_NAME_TO_VAL 1
| #define HAVE_PCAP_DATALINK_VAL_TO_DESCRIPTION 1
| #define HAVE_PCAP_BREAKLOOP 1
| #define HAVE_PCAP_DUMP_FTELL 1
| #define HAVE_ETHER_NTOHOST 1
| #define USE_ETHER_NTOHOST 1
| #define HAVE_NETINET_ETHER_H 1
| #define NETINET_ETHER_H_DECLARES_ETHER_NTOHOST /**/
| #define HAVE_DECL_ETHER_NTOHOST 1
| #define HAVE_PCAP_CREATE 1
| #define HAVE_PCAP_FINDALLDEVS 1
| #define HAVE_PCAP_DUMP_FLUSH 1
| #define HAVE_PCAP_LIB_VERSION 1
| #define HAVE_PCAP_IF_T 1
| #define HAVE_BPF_DUMP 1
| #define HAVE_PCAP_BLUETOOTH_H 1
| #define HAVE_PCAP_USB_H 1
| #define HAVE_SYS_BITYPES_H 1
| /* end confdefs.h.  */
| #include <stdio.h>
| #ifdef HAVE_SYS_TYPES_H
| # include <sys/types.h>
| #endif
| #ifdef HAVE_SYS_STAT_H
| # include <sys/stat.h>
| #endif
| #ifdef STDC_HEADERS
| # include <stdlib.h>
| # include <stddef.h>
| #else
| # ifdef HAVE_STDLIB_H
| #  include <stdlib.h>
| # endif
| #endif
| #ifdef HAVE_STRING_H
| # if !defined STDC_HEADERS && defined HAVE_MEMORY_H
| #  include <memory.h>
| # endif
| # include <string.h>
| #endif
| #ifdef HAVE_STRINGS_H
| # include <strings.h>
| #endif
| #ifdef HAVE_INTTYPES_H
| # include <inttypes.h>
| #endif
| #ifdef HAVE_STDINT_H
| # include <stdint.h>
| #endif
| #ifdef HAVE_UNISTD_H
| # include <unistd.h>
| #endif
| #ifdef HAVE_SYS_BITYPES_H
| #include <sys/bitypes.h>
| #endif
| 
| int
| main ()
| {
| if (sizeof ((u_int8_t)))
| 	    return 0;
|   ;
|   return 0;
| }
configure:7051: result: yes
configure:7064: checking for int16_t
configure:7064: gcc -c -DINET6 -g -O2  conftest.c >&5
configure:7064: $? = 0
configure:7064: gcc -c -DINET6 -g -O2  conftest.c >&5
conftest.c: In function 'main':
conftest.c:107:22: error: expected expression before ')' token
configure:7064: $? = 1
configure: failed program was:
| /* confdefs.h */
| #define PACKAGE_NAME ""
| #define PACKAGE_TARNAME ""
| #define PACKAGE_VERSION ""
| #define PACKAGE_STRING ""
| #define PACKAGE_BUGREPORT ""
| #define PACKAGE_URL ""
| #define inline inline
| #define HAVE___ATTRIBUTE__ 1
| #define __ATTRIBUTE___FORMAT_OK_FOR_FUNCTION_POINTERS 1
| #define STDC_HEADERS 1
| #define HAVE_SYS_TYPES_H 1
| #define HAVE_SYS_STAT_H 1
| #define HAVE_STDLIB_H 1
| #define HAVE_STRING_H 1
| #define HAVE_MEMORY_H 1
| #define HAVE_STRINGS_H 1
| #define HAVE_INTTYPES_H 1
| #define HAVE_STDINT_H 1
| #define HAVE_UNISTD_H 1
| #define HAVE_FCNTL_H 1
| #define HAVE_NETINET_IF_ETHER_H 1
| #define TIME_WITH_SYS_TIME 1
| #define TCPDUMP_DO_SMB 1
| #define INET6 1
| #define HAVE_GETNAMEINFO 1
| #define SIZEOF_CHAR 1
| #define SIZEOF_SHORT 2
| #define SIZEOF_INT 4
| #define SIZEOF_LONG 8
| #define SIZEOF_LONG_LONG 8
| #define HAVE_ADDRINFO 1
| #define HAVE_SOCKADDR_STORAGE 1
| #define HAVE_INADDRSZ 1
| #define HAVE_IN6ADDRSZ 1
| #define HAVE_RES_USE_INET6 1
| #define HAVE_VFPRINTF 1
| #define HAVE_STRCASECMP 1
| #define HAVE_STRDUP 1
| #define HAVE_STRSEP 1
| #define HAVE_STRFTIME 1
| #define HAVE_SETLINEBUF 1
| #define HAVE_ALARM 1
| #define HAVE_VSNPRINTF 1
| #define HAVE_SNPRINTF 1
| #define RETSIGTYPE void
| #define RETSIGVAL /**/
| #define HAVE_SIGACTION 1
| #define HAVE_GETRPCBYNUMBER 1
| #define HAVE_PCAP_LIST_DATALINKS 1
| #define HAVE_PCAP_SET_DATALINK 1
| #define HAVE_PCAP_DATALINK_NAME_TO_VAL 1
| #define HAVE_PCAP_DATALINK_VAL_TO_DESCRIPTION 1
| #define HAVE_PCAP_BREAKLOOP 1
| #define HAVE_PCAP_DUMP_FTELL 1
| #define HAVE_ETHER_NTOHOST 1
| #define USE_ETHER_NTOHOST 1
| #define HAVE_NETINET_ETHER_H 1
| #define NETINET_ETHER_H_DECLARES_ETHER_NTOHOST /**/
| #define HAVE_DECL_ETHER_NTOHOST 1
| #define HAVE_PCAP_CREATE 1
| #define HAVE_PCAP_FINDALLDEVS 1
| #define HAVE_PCAP_DUMP_FLUSH 1
| #define HAVE_PCAP_LIB_VERSION 1
| #define HAVE_PCAP_IF_T 1
| #define HAVE_BPF_DUMP 1
| #define HAVE_PCAP_BLUETOOTH_H 1
| #define HAVE_PCAP_USB_H 1
| #define HAVE_SYS_BITYPES_H 1
| /* end confdefs.h.  */
| #include <stdio.h>
| #ifdef HAVE_SYS_TYPES_H
| # include <sys/types.h>
| #endif
| #ifdef HAVE_SYS_STAT_H
| # include <sys/stat.h>
| #endif
| #ifdef STDC_HEADERS
| # include <stdlib.h>
| # include <stddef.h>
| #else
| # ifdef HAVE_STDLIB_H
| #  include <stdlib.h>
| # endif
| #endif
| #ifdef HAVE_STRING_H
| # if !defined STDC_HEADERS && defined HAVE_MEMORY_H
| #  include <memory.h>
| # endif
| # include <string.h>
| #endif
| #ifdef HAVE_STRINGS_H
| # include <strings.h>
| #endif
| #ifdef HAVE_INTTYPES_H
| # include <inttypes.h>
| #endif
| #ifdef HAVE_STDINT_H
| # include <stdint.h>
| #endif
| #ifdef HAVE_UNISTD_H
| # include <unistd.h>
| #endif
| int
| main ()
| {
| if (sizeof ((int16_t)))
| 	    return 0;
|   ;
|   return 0;
| }
configure:7064: result: yes
configure:7077: checking for u_int16_t
configure:7077: gcc -c -DINET6 -g -O2  conftest.c >&5
configure:7077: $? = 0
configure:7077: gcc -c -DINET6 -g -O2  conftest.c >&5
conftest.c: In function 'main':
conftest.c:111:24: error: expected expression before ')' token
configure:7077: $? = 1
configure: failed program was:
| /* confdefs.h */
| #define PACKAGE_NAME ""
| #define PACKAGE_TARNAME ""
| #define PACKAGE_VERSION ""
| #define PACKAGE_STRING ""
| #define PACKAGE_BUGREPORT ""
| #define PACKAGE_URL ""
| #define inline inline
| #define HAVE___ATTRIBUTE__ 1
| #define __ATTRIBUTE___FORMAT_OK_FOR_FUNCTION_POINTERS 1
| #define STDC_HEADERS 1
| #define HAVE_SYS_TYPES_H 1
| #define HAVE_SYS_STAT_H 1
| #define HAVE_STDLIB_H 1
| #define HAVE_STRING_H 1
| #define HAVE_MEMORY_H 1
| #define HAVE_STRINGS_H 1
| #define HAVE_INTTYPES_H 1
| #define HAVE_STDINT_H 1
| #define HAVE_UNISTD_H 1
| #define HAVE_FCNTL_H 1
| #define HAVE_NETINET_IF_ETHER_H 1
| #define TIME_WITH_SYS_TIME 1
| #define TCPDUMP_DO_SMB 1
| #define INET6 1
| #define HAVE_GETNAMEINFO 1
| #define SIZEOF_CHAR 1
| #define SIZEOF_SHORT 2
| #define SIZEOF_INT 4
| #define SIZEOF_LONG 8
| #define SIZEOF_LONG_LONG 8
| #define HAVE_ADDRINFO 1
| #define HAVE_SOCKADDR_STORAGE 1
| #define HAVE_INADDRSZ 1
| #define HAVE_IN6ADDRSZ 1
| #define HAVE_RES_USE_INET6 1
| #define HAVE_VFPRINTF 1
| #define HAVE_STRCASECMP 1
| #define HAVE_STRDUP 1
| #define HAVE_STRSEP 1
| #define HAVE_STRFTIME 1
| #define HAVE_SETLINEBUF 1
| #define HAVE_ALARM 1
| #define HAVE_VSNPRINTF 1
| #define HAVE_SNPRINTF 1
| #define RETSIGTYPE void
| #define RETSIGVAL /**/
| #define HAVE_SIGACTION 1
| #define HAVE_GETRPCBYNUMBER 1
| #define HAVE_PCAP_LIST_DATALINKS 1
| #define HAVE_PCAP_SET_DATALINK 1
| #define HAVE_PCAP_DATALINK_NAME_TO_VAL 1
| #define HAVE_PCAP_DATALINK_VAL_TO_DESCRIPTION 1
| #define HAVE_PCAP_BREAKLOOP 1
| #define HAVE_PCAP_DUMP_FTELL 1
| #define HAVE_ETHER_NTOHOST 1
| #define USE_ETHER_NTOHOST 1
| #define HAVE_NETINET_ETHER_H 1
| #define NETINET_ETHER_H_DECLARES_ETHER_NTOHOST /**/
| #define HAVE_DECL_ETHER_NTOHOST 1
| #define HAVE_PCAP_CREATE 1
| #define HAVE_PCAP_FINDALLDEVS 1
| #define HAVE_PCAP_DUMP_FLUSH 1
| #define HAVE_PCAP_LIB_VERSION 1
| #define HAVE_PCAP_IF_T 1
| #define HAVE_BPF_DUMP 1
| #define HAVE_PCAP_BLUETOOTH_H 1
| #define HAVE_PCAP_USB_H 1
| #define HAVE_SYS_BITYPES_H 1
| /* end confdefs.h.  */
| #include <stdio.h>
| #ifdef HAVE_SYS_TYPES_H
| # include <sys/types.h>
| #endif
| #ifdef HAVE_SYS_STAT_H
| # include <sys/stat.h>
| #endif
| #ifdef STDC_HEADERS
| # include <stdlib.h>
| # include <stddef.h>
| #else
| # ifdef HAVE_STDLIB_H
| #  include <stdlib.h>
| # endif
| #endif
| #ifdef HAVE_STRING_H
| # if !defined STDC_HEADERS && defined HAVE_MEMORY_H
| #  include <memory.h>
| # endif
| # include <string.h>
| #endif
| #ifdef HAVE_STRINGS_H
| # include <strings.h>
| #endif
| #ifdef HAVE_INTTYPES_H
| # include <inttypes.h>
| #endif
| #ifdef HAVE_STDINT_H
| # include <stdint.h>
| #endif
| #ifdef HAVE_UNISTD_H
| # include <unistd.h>
| #endif
| #ifdef HAVE_SYS_BITYPES_H
| #include <sys/bitypes.h>
| #endif
| 
| int
| main ()
| {
| if (sizeof ((u_int16_t)))
| 	    return 0;
|   ;
|   return 0;
| }
configure:7077: result: yes
configure:7090: checking for int32_t
configure:7090: gcc -c -DINET6 -g -O2  conftest.c >&5
configure:7090: $? = 0
configure:7090: gcc -c -DINET6 -g -O2  conftest.c >&5
conftest.c: In function 'main':
conftest.c:111:22: error: expected expression before ')' token
configure:7090: $? = 1
configure: failed program was:
| /* confdefs.h */
| #define PACKAGE_NAME ""
| #define PACKAGE_TARNAME ""
| #define PACKAGE_VERSION ""
| #define PACKAGE_STRING ""
| #define PACKAGE_BUGREPORT ""
| #define PACKAGE_URL ""
| #define inline inline
| #define HAVE___ATTRIBUTE__ 1
| #define __ATTRIBUTE___FORMAT_OK_FOR_FUNCTION_POINTERS 1
| #define STDC_HEADERS 1
| #define HAVE_SYS_TYPES_H 1
| #define HAVE_SYS_STAT_H 1
| #define HAVE_STDLIB_H 1
| #define HAVE_STRING_H 1
| #define HAVE_MEMORY_H 1
| #define HAVE_STRINGS_H 1
| #define HAVE_INTTYPES_H 1
| #define HAVE_STDINT_H 1
| #define HAVE_UNISTD_H 1
| #define HAVE_FCNTL_H 1
| #define HAVE_NETINET_IF_ETHER_H 1
| #define TIME_WITH_SYS_TIME 1
| #define TCPDUMP_DO_SMB 1
| #define INET6 1
| #define HAVE_GETNAMEINFO 1
| #define SIZEOF_CHAR 1
| #define SIZEOF_SHORT 2
| #define SIZEOF_INT 4
| #define SIZEOF_LONG 8
| #define SIZEOF_LONG_LONG 8
| #define HAVE_ADDRINFO 1
| #define HAVE_SOCKADDR_STORAGE 1
| #define HAVE_INADDRSZ 1
| #define HAVE_IN6ADDRSZ 1
| #define HAVE_RES_USE_INET6 1
| #define HAVE_VFPRINTF 1
| #define HAVE_STRCASECMP 1
| #define HAVE_STRDUP 1
| #define HAVE_STRSEP 1
| #define HAVE_STRFTIME 1
| #define HAVE_SETLINEBUF 1
| #define HAVE_ALARM 1
| #define HAVE_VSNPRINTF 1
| #define HAVE_SNPRINTF 1
| #define RETSIGTYPE void
| #define RETSIGVAL /**/
| #define HAVE_SIGACTION 1
| #define HAVE_GETRPCBYNUMBER 1
| #define HAVE_PCAP_LIST_DATALINKS 1
| #define HAVE_PCAP_SET_DATALINK 1
| #define HAVE_PCAP_DATALINK_NAME_TO_VAL 1
| #define HAVE_PCAP_DATALINK_VAL_TO_DESCRIPTION 1
| #define HAVE_PCAP_BREAKLOOP 1
| #define HAVE_PCAP_DUMP_FTELL 1
| #define HAVE_ETHER_NTOHOST 1
| #define USE_ETHER_NTOHOST 1
| #define HAVE_NETINET_ETHER_H 1
| #define NETINET_ETHER_H_DECLARES_ETHER_NTOHOST /**/
| #define HAVE_DECL_ETHER_NTOHOST 1
| #define HAVE_PCAP_CREATE 1
| #define HAVE_PCAP_FINDALLDEVS 1
| #define HAVE_PCAP_DUMP_FLUSH 1
| #define HAVE_PCAP_LIB_VERSION 1
| #define HAVE_PCAP_IF_T 1
| #define HAVE_BPF_DUMP 1
| #define HAVE_PCAP_BLUETOOTH_H 1
| #define HAVE_PCAP_USB_H 1
| #define HAVE_SYS_BITYPES_H 1
| /* end confdefs.h.  */
| #include <stdio.h>
| #ifdef HAVE_SYS_TYPES_H
| # include <sys/types.h>
| #endif
| #ifdef HAVE_SYS_STAT_H
| # include <sys/stat.h>
| #endif
| #ifdef STDC_HEADERS
| # include <stdlib.h>
| # include <stddef.h>
| #else
| # ifdef HAVE_STDLIB_H
| #  include <stdlib.h>
| # endif
| #endif
| #ifdef HAVE_STRING_H
| # if !defined STDC_HEADERS && defined HAVE_MEMORY_H
| #  include <memory.h>
| # endif
| # include <string.h>
| #endif
| #ifdef HAVE_STRINGS_H
| # include <strings.h>
| #endif
| #ifdef HAVE_INTTYPES_H
| # include <inttypes.h>
| #endif
| #ifdef HAVE_STDINT_H
| # include <stdint.h>
| #endif
| #ifdef HAVE_UNISTD_H
| # include <unistd.h>
| #endif
| #ifdef HAVE_SYS_BITYPES_H
| #include <sys/bitypes.h>
| #endif
| 
| int
| main ()
| {
| if (sizeof ((int32_t)))
| 	    return 0;
|   ;
|   return 0;
| }
configure:7090: result: yes
configure:7103: checking for u_int32_t
configure:7103: gcc -c -DINET6 -g -O2  conftest.c >&5
configure:7103: $? = 0
configure:7103: gcc -c -DINET6 -g -O2  conftest.c >&5
conftest.c: In function 'main':
conftest.c:111:24: error: expected expression before ')' token
configure:7103: $? = 1
configure: failed program was:
| /* confdefs.h */
| #define PACKAGE_NAME ""
| #define PACKAGE_TARNAME ""
| #define PACKAGE_VERSION ""
| #define PACKAGE_STRING ""
| #define PACKAGE_BUGREPORT ""
| #define PACKAGE_URL ""
| #define inline inline
| #define HAVE___ATTRIBUTE__ 1
| #define __ATTRIBUTE___FORMAT_OK_FOR_FUNCTION_POINTERS 1
| #define STDC_HEADERS 1
| #define HAVE_SYS_TYPES_H 1
| #define HAVE_SYS_STAT_H 1
| #define HAVE_STDLIB_H 1
| #define HAVE_STRING_H 1
| #define HAVE_MEMORY_H 1
| #define HAVE_STRINGS_H 1
| #define HAVE_INTTYPES_H 1
| #define HAVE_STDINT_H 1
| #define HAVE_UNISTD_H 1
| #define HAVE_FCNTL_H 1
| #define HAVE_NETINET_IF_ETHER_H 1
| #define TIME_WITH_SYS_TIME 1
| #define TCPDUMP_DO_SMB 1
| #define INET6 1
| #define HAVE_GETNAMEINFO 1
| #define SIZEOF_CHAR 1
| #define SIZEOF_SHORT 2
| #define SIZEOF_INT 4
| #define SIZEOF_LONG 8
| #define SIZEOF_LONG_LONG 8
| #define HAVE_ADDRINFO 1
| #define HAVE_SOCKADDR_STORAGE 1
| #define HAVE_INADDRSZ 1
| #define HAVE_IN6ADDRSZ 1
| #define HAVE_RES_USE_INET6 1
| #define HAVE_VFPRINTF 1
| #define HAVE_STRCASECMP 1
| #define HAVE_STRDUP 1
| #define HAVE_STRSEP 1
| #define HAVE_STRFTIME 1
| #define HAVE_SETLINEBUF 1
| #define HAVE_ALARM 1
| #define HAVE_VSNPRINTF 1
| #define HAVE_SNPRINTF 1
| #define RETSIGTYPE void
| #define RETSIGVAL /**/
| #define HAVE_SIGACTION 1
| #define HAVE_GETRPCBYNUMBER 1
| #define HAVE_PCAP_LIST_DATALINKS 1
| #define HAVE_PCAP_SET_DATALINK 1
| #define HAVE_PCAP_DATALINK_NAME_TO_VAL 1
| #define HAVE_PCAP_DATALINK_VAL_TO_DESCRIPTION 1
| #define HAVE_PCAP_BREAKLOOP 1
| #define HAVE_PCAP_DUMP_FTELL 1
| #define HAVE_ETHER_NTOHOST 1
| #define USE_ETHER_NTOHOST 1
| #define HAVE_NETINET_ETHER_H 1
| #define NETINET_ETHER_H_DECLARES_ETHER_NTOHOST /**/
| #define HAVE_DECL_ETHER_NTOHOST 1
| #define HAVE_PCAP_CREATE 1
| #define HAVE_PCAP_FINDALLDEVS 1
| #define HAVE_PCAP_DUMP_FLUSH 1
| #define HAVE_PCAP_LIB_VERSION 1
| #define HAVE_PCAP_IF_T 1
| #define HAVE_BPF_DUMP 1
| #define HAVE_PCAP_BLUETOOTH_H 1
| #define HAVE_PCAP_USB_H 1
| #define HAVE_SYS_BITYPES_H 1
| /* end confdefs.h.  */
| #include <stdio.h>
| #ifdef HAVE_SYS_TYPES_H
| # include <sys/types.h>
| #endif
| #ifdef HAVE_SYS_STAT_H
| # include <sys/stat.h>
| #endif
| #ifdef STDC_HEADERS
| # include <stdlib.h>
| # include <stddef.h>
| #else
| # ifdef HAVE_STDLIB_H
| #  include <stdlib.h>
| # endif
| #endif
| #ifdef HAVE_STRING_H
| # if !defined STDC_HEADERS && defined HAVE_MEMORY_H
| #  include <memory.h>
| # endif
| # include <string.h>
| #endif
| #ifdef HAVE_STRINGS_H
| # include <strings.h>
| #endif
| #ifdef HAVE_INTTYPES_H
| # include <inttypes.h>
| #endif
| #ifdef HAVE_STDINT_H
| # include <stdint.h>
| #endif
| #ifdef HAVE_UNISTD_H
| # include <unistd.h>
| #endif
| #ifdef HAVE_SYS_BITYPES_H
| #include <sys/bitypes.h>
| #endif
| 
| int
| main ()
| {
| if (sizeof ((u_int32_t)))
| 	    return 0;
|   ;
|   return 0;
| }
configure:7103: result: yes
configure:7116: checking for int64_t
configure:7116: gcc -c -DINET6 -g -O2  conftest.c >&5
configure:7116: $? = 0
configure:7116: gcc -c -DINET6 -g -O2  conftest.c >&5
conftest.c: In function 'main':
conftest.c:111:22: error: expected expression before ')' token
configure:7116: $? = 1
configure: failed program was:
| /* confdefs.h */
| #define PACKAGE_NAME ""
| #define PACKAGE_TARNAME ""
| #define PACKAGE_VERSION ""
| #define PACKAGE_STRING ""
| #define PACKAGE_BUGREPORT ""
| #define PACKAGE_URL ""
| #define inline inline
| #define HAVE___ATTRIBUTE__ 1
| #define __ATTRIBUTE___FORMAT_OK_FOR_FUNCTION_POINTERS 1
| #define STDC_HEADERS 1
| #define HAVE_SYS_TYPES_H 1
| #define HAVE_SYS_STAT_H 1
| #define HAVE_STDLIB_H 1
| #define HAVE_STRING_H 1
| #define HAVE_MEMORY_H 1
| #define HAVE_STRINGS_H 1
| #define HAVE_INTTYPES_H 1
| #define HAVE_STDINT_H 1
| #define HAVE_UNISTD_H 1
| #define HAVE_FCNTL_H 1
| #define HAVE_NETINET_IF_ETHER_H 1
| #define TIME_WITH_SYS_TIME 1
| #define TCPDUMP_DO_SMB 1
| #define INET6 1
| #define HAVE_GETNAMEINFO 1
| #define SIZEOF_CHAR 1
| #define SIZEOF_SHORT 2
| #define SIZEOF_INT 4
| #define SIZEOF_LONG 8
| #define SIZEOF_LONG_LONG 8
| #define HAVE_ADDRINFO 1
| #define HAVE_SOCKADDR_STORAGE 1
| #define HAVE_INADDRSZ 1
| #define HAVE_IN6ADDRSZ 1
| #define HAVE_RES_USE_INET6 1
| #define HAVE_VFPRINTF 1
| #define HAVE_STRCASECMP 1
| #define HAVE_STRDUP 1
| #define HAVE_STRSEP 1
| #define HAVE_STRFTIME 1
| #define HAVE_SETLINEBUF 1
| #define HAVE_ALARM 1
| #define HAVE_VSNPRINTF 1
| #define HAVE_SNPRINTF 1
| #define RETSIGTYPE void
| #define RETSIGVAL /**/
| #define HAVE_SIGACTION 1
| #define HAVE_GETRPCBYNUMBER 1
| #define HAVE_PCAP_LIST_DATALINKS 1
| #define HAVE_PCAP_SET_DATALINK 1
| #define HAVE_PCAP_DATALINK_NAME_TO_VAL 1
| #define HAVE_PCAP_DATALINK_VAL_TO_DESCRIPTION 1
| #define HAVE_PCAP_BREAKLOOP 1
| #define HAVE_PCAP_DUMP_FTELL 1
| #define HAVE_ETHER_NTOHOST 1
| #define USE_ETHER_NTOHOST 1
| #define HAVE_NETINET_ETHER_H 1
| #define NETINET_ETHER_H_DECLARES_ETHER_NTOHOST /**/
| #define HAVE_DECL_ETHER_NTOHOST 1
| #define HAVE_PCAP_CREATE 1
| #define HAVE_PCAP_FINDALLDEVS 1
| #define HAVE_PCAP_DUMP_FLUSH 1
| #define HAVE_PCAP_LIB_VERSION 1
| #define HAVE_PCAP_IF_T 1
| #define HAVE_BPF_DUMP 1
| #define HAVE_PCAP_BLUETOOTH_H 1
| #define HAVE_PCAP_USB_H 1
| #define HAVE_SYS_BITYPES_H 1
| /* end confdefs.h.  */
| #include <stdio.h>
| #ifdef HAVE_SYS_TYPES_H
| # include <sys/types.h>
| #endif
| #ifdef HAVE_SYS_STAT_H
| # include <sys/stat.h>
| #endif
| #ifdef STDC_HEADERS
| # include <stdlib.h>
| # include <stddef.h>
| #else
| # ifdef HAVE_STDLIB_H
| #  include <stdlib.h>
| # endif
| #endif
| #ifdef HAVE_STRING_H
| # if !defined STDC_HEADERS && defined HAVE_MEMORY_H
| #  include <memory.h>
| # endif
| # include <string.h>
| #endif
| #ifdef HAVE_STRINGS_H
| # include <strings.h>
| #endif
| #ifdef HAVE_INTTYPES_H
| # include <inttypes.h>
| #endif
| #ifdef HAVE_STDINT_H
| # include <stdint.h>
| #endif
| #ifdef HAVE_UNISTD_H
| # include <unistd.h>
| #endif
| #ifdef HAVE_SYS_BITYPES_H
| #include <sys/bitypes.h>
| #endif
| 
| int
| main ()
| {
| if (sizeof ((int64_t)))
| 	    return 0;
|   ;
|   return 0;
| }
configure:7116: result: yes
configure:7129: checking for u_int64_t
configure:7129: gcc -c -DINET6 -g -O2  conftest.c >&5
configure:7129: $? = 0
configure:7129: gcc -c -DINET6 -g -O2  conftest.c >&5
conftest.c: In function 'main':
conftest.c:111:24: error: expected expression before ')' token
configure:7129: $? = 1
configure: failed program was:
| /* confdefs.h */
| #define PACKAGE_NAME ""
| #define PACKAGE_TARNAME ""
| #define PACKAGE_VERSION ""
| #define PACKAGE_STRING ""
| #define PACKAGE_BUGREPORT ""
| #define PACKAGE_URL ""
| #define inline inline
| #define HAVE___ATTRIBUTE__ 1
| #define __ATTRIBUTE___FORMAT_OK_FOR_FUNCTION_POINTERS 1
| #define STDC_HEADERS 1
| #define HAVE_SYS_TYPES_H 1
| #define HAVE_SYS_STAT_H 1
| #define HAVE_STDLIB_H 1
| #define HAVE_STRING_H 1
| #define HAVE_MEMORY_H 1
| #define HAVE_STRINGS_H 1
| #define HAVE_INTTYPES_H 1
| #define HAVE_STDINT_H 1
| #define HAVE_UNISTD_H 1
| #define HAVE_FCNTL_H 1
| #define HAVE_NETINET_IF_ETHER_H 1
| #define TIME_WITH_SYS_TIME 1
| #define TCPDUMP_DO_SMB 1
| #define INET6 1
| #define HAVE_GETNAMEINFO 1
| #define SIZEOF_CHAR 1
| #define SIZEOF_SHORT 2
| #define SIZEOF_INT 4
| #define SIZEOF_LONG 8
| #define SIZEOF_LONG_LONG 8
| #define HAVE_ADDRINFO 1
| #define HAVE_SOCKADDR_STORAGE 1
| #define HAVE_INADDRSZ 1
| #define HAVE_IN6ADDRSZ 1
| #define HAVE_RES_USE_INET6 1
| #define HAVE_VFPRINTF 1
| #define HAVE_STRCASECMP 1
| #define HAVE_STRDUP 1
| #define HAVE_STRSEP 1
| #define HAVE_STRFTIME 1
| #define HAVE_SETLINEBUF 1
| #define HAVE_ALARM 1
| #define HAVE_VSNPRINTF 1
| #define HAVE_SNPRINTF 1
| #define RETSIGTYPE void
| #define RETSIGVAL /**/
| #define HAVE_SIGACTION 1
| #define HAVE_GETRPCBYNUMBER 1
| #define HAVE_PCAP_LIST_DATALINKS 1
| #define HAVE_PCAP_SET_DATALINK 1
| #define HAVE_PCAP_DATALINK_NAME_TO_VAL 1
| #define HAVE_PCAP_DATALINK_VAL_TO_DESCRIPTION 1
| #define HAVE_PCAP_BREAKLOOP 1
| #define HAVE_PCAP_DUMP_FTELL 1
| #define HAVE_ETHER_NTOHOST 1
| #define USE_ETHER_NTOHOST 1
| #define HAVE_NETINET_ETHER_H 1
| #define NETINET_ETHER_H_DECLARES_ETHER_NTOHOST /**/
| #define HAVE_DECL_ETHER_NTOHOST 1
| #define HAVE_PCAP_CREATE 1
| #define HAVE_PCAP_FINDALLDEVS 1
| #define HAVE_PCAP_DUMP_FLUSH 1
| #define HAVE_PCAP_LIB_VERSION 1
| #define HAVE_PCAP_IF_T 1
| #define HAVE_BPF_DUMP 1
| #define HAVE_PCAP_BLUETOOTH_H 1
| #define HAVE_PCAP_USB_H 1
| #define HAVE_SYS_BITYPES_H 1
| /* end confdefs.h.  */
| #include <stdio.h>
| #ifdef HAVE_SYS_TYPES_H
| # include <sys/types.h>
| #endif
| #ifdef HAVE_SYS_STAT_H
| # include <sys/stat.h>
| #endif
| #ifdef STDC_HEADERS
| # include <stdlib.h>
| # include <stddef.h>
| #else
| # ifdef HAVE_STDLIB_H
| #  include <stdlib.h>
| # endif
| #endif
| #ifdef HAVE_STRING_H
| # if !defined STDC_HEADERS && defined HAVE_MEMORY_H
| #  include <memory.h>
| # endif
| # include <string.h>
| #endif
| #ifdef HAVE_STRINGS_H
| # include <strings.h>
| #endif
| #ifdef HAVE_INTTYPES_H
| # include <inttypes.h>
| #endif
| #ifdef HAVE_STDINT_H
| # include <stdint.h>
| #endif
| #ifdef HAVE_UNISTD_H
| # include <unistd.h>
| #endif
| #ifdef HAVE_SYS_BITYPES_H
| #include <sys/bitypes.h>
| #endif
| 
| int
| main ()
| {
| if (sizeof ((u_int64_t)))
| 	    return 0;
|   ;
|   return 0;
| }
configure:7129: result: yes
configure:7149: checking for inttypes.h
configure:7149: result: yes
configure:7158: checking whether inttypes.h defines the PRI[doxu]64 macros
configure:7181: gcc -c -DINET6 -g -O2  conftest.c >&5
configure:7181: $? = 0
configure:7183: result: yes
configure:7499: checking for ranlib
configure:7515: found /usr/bin/ranlib
configure:7526: result: ranlib
configure:7588: checking if sockaddr struct has the sa_len member
configure:7606: gcc -c -DINET6 -g -O2  conftest.c >&5
conftest.c: In function 'main':
conftest.c:78:40: error: 'struct sockaddr' has no member named 'sa_len'
configure:7606: $? = 1
configure: failed program was:
| /* confdefs.h */
| #define PACKAGE_NAME ""
| #define PACKAGE_TARNAME ""
| #define PACKAGE_VERSION ""
| #define PACKAGE_STRING ""
| #define PACKAGE_BUGREPORT ""
| #define PACKAGE_URL ""
| #define inline inline
| #define HAVE___ATTRIBUTE__ 1
| #define __ATTRIBUTE___FORMAT_OK_FOR_FUNCTION_POINTERS 1
| #define STDC_HEADERS 1
| #define HAVE_SYS_TYPES_H 1
| #define HAVE_SYS_STAT_H 1
| #define HAVE_STDLIB_H 1
| #define HAVE_STRING_H 1
| #define HAVE_MEMORY_H 1
| #define HAVE_STRINGS_H 1
| #define HAVE_INTTYPES_H 1
| #define HAVE_STDINT_H 1
| #define HAVE_UNISTD_H 1
| #define HAVE_FCNTL_H 1
| #define HAVE_NETINET_IF_ETHER_H 1
| #define TIME_WITH_SYS_TIME 1
| #define TCPDUMP_DO_SMB 1
| #define INET6 1
| #define HAVE_GETNAMEINFO 1
| #define SIZEOF_CHAR 1
| #define SIZEOF_SHORT 2
| #define SIZEOF_INT 4
| #define SIZEOF_LONG 8
| #define SIZEOF_LONG_LONG 8
| #define HAVE_ADDRINFO 1
| #define HAVE_SOCKADDR_STORAGE 1
| #define HAVE_INADDRSZ 1
| #define HAVE_IN6ADDRSZ 1
| #define HAVE_RES_USE_INET6 1
| #define HAVE_VFPRINTF 1
| #define HAVE_STRCASECMP 1
| #define HAVE_STRDUP 1
| #define HAVE_STRSEP 1
| #define HAVE_STRFTIME 1
| #define HAVE_SETLINEBUF 1
| #define HAVE_ALARM 1
| #define HAVE_VSNPRINTF 1
| #define HAVE_SNPRINTF 1
| #define RETSIGTYPE void
| #define RETSIGVAL /**/
| #define HAVE_SIGACTION 1
| #define HAVE_GETRPCBYNUMBER 1
| #define HAVE_PCAP_LIST_DATALINKS 1
| #define HAVE_PCAP_SET_DATALINK 1
| #define HAVE_PCAP_DATALINK_NAME_TO_VAL 1
| #define HAVE_PCAP_DATALINK_VAL_TO_DESCRIPTION 1
| #define HAVE_PCAP_BREAKLOOP 1
| #define HAVE_PCAP_DUMP_FTELL 1
| #define HAVE_ETHER_NTOHOST 1
| #define USE_ETHER_NTOHOST 1
| #define HAVE_NETINET_ETHER_H 1
| #define NETINET_ETHER_H_DECLARES_ETHER_NTOHOST /**/
| #define HAVE_DECL_ETHER_NTOHOST 1
| #define HAVE_PCAP_CREATE 1
| #define HAVE_PCAP_FINDALLDEVS 1
| #define HAVE_PCAP_DUMP_FLUSH 1
| #define HAVE_PCAP_LIB_VERSION 1
| #define HAVE_PCAP_IF_T 1
| #define HAVE_BPF_DUMP 1
| #define HAVE_PCAP_BLUETOOTH_H 1
| #define HAVE_PCAP_USB_H 1
| #define HAVE_SYS_BITYPES_H 1
| #define HAVE_INTTYPES_H 1
| /* end confdefs.h.  */
| 
| #	include <sys/types.h>
| #	include <sys/socket.h>
| int
| main ()
| {
| u_int i = sizeof(((struct sockaddr *)0)->sa_len)
|   ;
|   return 0;
| }
configure:7614: result: no
configure:7622: checking if unaligned accesses fail
configure:7709: result: no
configure:7718: checking for h_errno
configure:7736: gcc -c -DINET6 -g -O2  conftest.c >&5
configure:7736: $? = 0
configure:7744: result: yes
configure:7753: checking whether to use SSLeay libcrypto
configure:7784: result: yes, if available
configure:7796: checking where SSLeay is located
configure:7967: result: not found
configure:8003: checking for a BSD-compatible install
configure:8071: result: /usr/bin/install -c
configure:8193: creating ./config.status

## ---------------------- ##
## Running config.status. ##
## ---------------------- ##

This file was extended by config.status, which was
generated by GNU Autoconf 2.67.  Invocation command line was

  CONFIG_FILES    = 
  CONFIG_HEADERS  = 
  CONFIG_LINKS    = 
  CONFIG_COMMANDS = 
  $ ./config.status 

on sourav-Virtual-Machine

config.status:896: creating Makefile
config.status:999: WARNING:  'Makefile.in' seems to ignore the --datarootdir setting
config.status:896: creating tcpdump.1
config.status:896: creating config.h
config.status:1070: config.h is unchanged
config.status:1084: executing default-1 commands

## ---------------- ##
## Cache variables. ##
## ---------------- ##

ac_cv___attribute__=yes
ac_cv___attribute___format_function_pointer=yes
ac_cv_addrinfo=yes
ac_cv_addrsz=yes
ac_cv_buggy_ether_ntohost=no
ac_cv_build=x86_64-unknown-linux-gnu
ac_cv_c_compiler_gnu=yes
ac_cv_env_CC_set=
ac_cv_env_CC_value=
ac_cv_env_CFLAGS_set=
ac_cv_env_CFLAGS_value=
ac_cv_env_CPPFLAGS_set=
ac_cv_env_CPPFLAGS_value=
ac_cv_env_CPP_set=
ac_cv_env_CPP_value=
ac_cv_env_LDFLAGS_set=
ac_cv_env_LDFLAGS_value=
ac_cv_env_LIBS_set=
ac_cv_env_LIBS_value=
ac_cv_env_build_alias_set=
ac_cv_env_build_alias_value=
ac_cv_env_host_alias_set=
ac_cv_env_host_alias_value=
ac_cv_env_target_alias_set=
ac_cv_env_target_alias_value=
ac_cv_func_alarm=yes
ac_cv_func_bpf_dump=yes
ac_cv_func_ether_ntohost=yes
ac_cv_func_getnameinfo=yes
ac_cv_func_pcap_breakloop=yes
ac_cv_func_pcap_create=yes
ac_cv_func_pcap_datalink_name_to_val=yes
ac_cv_func_pcap_datalink_val_to_description=yes
ac_cv_func_pcap_dump_flush=yes
ac_cv_func_pcap_dump_ftell=yes
ac_cv_func_pcap_findalldevs=yes
ac_cv_func_pcap_lib_version=yes
ac_cv_func_pcap_list_datalinks=yes
ac_cv_func_pcap_set_datalink=yes
ac_cv_func_setlinebuf=yes
ac_cv_func_sigaction=yes
ac_cv_func_snprintf=yes
ac_cv_func_strcasecmp=yes
ac_cv_func_strdup=yes
ac_cv_func_strftime=yes
ac_cv_func_strlcat=no
ac_cv_func_strlcpy=no
ac_cv_func_strsep=yes
ac_cv_func_vfprintf=yes
ac_cv_func_vsnprintf=yes
ac_cv_have_decl_ether_ntohost=yes
ac_cv_header_fcntl_h=yes
ac_cv_header_inttypes_h=yes
ac_cv_header_memory_h=yes
ac_cv_header_net_pfvar_h=no
ac_cv_header_netdnet_dnetdb_h=no
ac_cv_header_netinet_ether_h=yes
ac_cv_header_netinet_if_ether_h=yes
ac_cv_header_pcap_bluetooth_h=yes
ac_cv_header_pcap_usb_h=yes
ac_cv_header_rpc_rpcent_h=no
ac_cv_header_smi_h=no
ac_cv_header_stdc=yes
ac_cv_header_stdint_h=yes
ac_cv_header_stdlib_h=yes
ac_cv_header_string_h=yes
ac_cv_header_strings_h=yes
ac_cv_header_sys_bitypes_h=yes
ac_cv_header_sys_stat_h=yes
ac_cv_header_sys_types_h=yes
ac_cv_header_time=yes
ac_cv_header_unistd_h=yes
ac_cv_host=x86_64-unknown-linux-gnu
ac_cv_in6addrsz=yes
ac_cv_inaddrsz=yes
ac_cv_lbl_gcc_vers=4
ac_cv_lbl_inline=inline
ac_cv_lbl_sockaddr_has_sa_len=no
ac_cv_lbl_unaligned_fail=no
ac_cv_lib_dlpi_dlpi_walk=no
ac_cv_lib_rdi_rdi_init=no
ac_cv_lib_rpc_main=no
ac_cv_lib_smi_smiInit=no
ac_cv_linux_vers=3
ac_cv_maxserv=yes
ac_cv_namereqd=yes
ac_cv_objext=o
ac_cv_path_EGREP='/bin/grep -E'
ac_cv_path_GREP=/bin/grep
ac_cv_path_PCAP_CONFIG=./../libpcap/pcap-config
ac_cv_path_install='/usr/bin/install -c'
ac_cv_prog_CPP='gcc -E'
ac_cv_prog_ac_ct_CC=gcc
ac_cv_prog_ac_ct_RANLIB=ranlib
ac_cv_prog_cc_c89=
ac_cv_prog_cc_g=yes
ac_cv_res_inet6=yes
ac_cv_res_state=no
ac_cv_res_state_ext=no
ac_cv_sa_storage=yes
ac_cv_search_dnet_htoa=no
ac_cv_search_getaddrinfo='none required'
ac_cv_search_gethostbyname='none required'
ac_cv_search_getrpcbynumber='none required'
ac_cv_search_putmsg='none required'
ac_cv_search_socket='none required'
ac_cv_sizeof_char=1
ac_cv_sizeof_int=4
ac_cv_sizeof_long=8
ac_cv_sizeof_long_long=8
ac_cv_sizeof_short=2
ac_cv_sockaddr_has_sa_len=no
ac_cv_ssleay_path=no
ac_cv_type_int16_t=yes
ac_cv_type_int32_t=yes
ac_cv_type_int64_t=yes
ac_cv_type_int8_t=yes
ac_cv_type_pcap_if_t=yes
ac_cv_type_signal=void
ac_cv_type_u_int16_t=yes
ac_cv_type_u_int32_t=yes
ac_cv_type_u_int64_t=yes
ac_cv_type_u_int8_t=yes
ac_cv_var_h_errno=yes
ac_lbl_cv_pcap_debug_defined=no
ac_lbl_cv_yydebug_defined=no
td_cv_buggygetaddrinfo=no
td_cv_decl_netdnet_dnetdb_h_dnet_htoa=no

## ----------------- ##
## Output variables. ##
## ----------------- ##

CC='gcc'
CFLAGS='-DINET6 -g -O2'
CPP='gcc -E'
CPPFLAGS=' -I$(srcdir)/missing'
DEFS='-DHAVE_CONFIG_H'
ECHO_C=''
ECHO_N='-n'
ECHO_T=''
EGREP='/bin/grep -E'
EXEEXT=''
GREP='/bin/grep'
INSTALL_DATA='${INSTALL} -m 644'
INSTALL_PROGRAM='${INSTALL}'
INSTALL_SCRIPT='${INSTALL}'
LDFLAGS=''
LIBOBJS=' ${LIBOBJDIR}strlcat$U.o ${LIBOBJDIR}strlcpy$U.o'
LIBS='./../libpcap/libpcap.a ../lib/libpfring.a -lpthread  ../lib/libpfring.a -lpthread '
LOCALSRC='print-ip6.c print-ip6opts.c print-mobility.c print-ripng.c print-icmp6.c print-frag6.c print-rt6.c print-ospf6.c print-dhcp6.c print-smb.c smbutil.c '
LTLIBOBJS=' ${LIBOBJDIR}strlcat$U.lo ${LIBOBJDIR}strlcpy$U.lo'
MAN_FILE_FORMATS='5'
MAN_MISC_INFO='7'
OBJEXT='o'
PACKAGE_BUGREPORT=''
PACKAGE_NAME=''
PACKAGE_STRING=''
PACKAGE_TARNAME=''
PACKAGE_URL=''
PACKAGE_VERSION=''
PATH_SEPARATOR=':'
PCAP_CONFIG='./../libpcap/pcap-config'
RANLIB='ranlib'
SHELL='/bin/bash'
SHLICC2=''
V_CCOPT='-O2'
V_DEFS=' -D_U_="__attribute__((unused))"'
V_GROUP='0'
V_INCLS='-I./../libpcap  -I$(srcdir)/missing'
V_PCAPDEP='./../libpcap/libpcap.a'
ac_ct_CC='gcc'
bindir='${exec_prefix}/bin'
build='x86_64-unknown-linux-gnu'
build_alias=''
build_cpu='x86_64'
build_os='linux-gnu'
build_vendor='unknown'
datadir='${datarootdir}'
datarootdir='${prefix}/share'
docdir='${datarootdir}/doc/${PACKAGE}'
dvidir='${docdir}'
exec_prefix='${prefix}'
host='x86_64-unknown-linux-gnu'
host_alias=''
host_cpu='x86_64'
host_os='linux-gnu'
host_vendor='unknown'
htmldir='${docdir}'
includedir='${prefix}/include'
infodir='${datarootdir}/info'
libdir='${exec_prefix}/lib'
libexecdir='${exec_prefix}/libexec'
localedir='${datarootdir}/locale'
localstatedir='${prefix}/var'
mandir='${datarootdir}/man'
oldincludedir='/usr/include'
pdfdir='${docdir}'
prefix='/usr/local'
program_transform_name='s,x,x,'
psdir='${docdir}'
sbindir='${exec_prefix}/sbin'
sharedstatedir='${prefix}/com'
sysconfdir='${prefix}/etc'
target_alias=''

## ----------- ##
## confdefs.h. ##
## ----------- ##

/* confdefs.h */
#define PACKAGE_NAME ""
#define PACKAGE_TARNAME ""
#define PACKAGE_VERSION ""
#define PACKAGE_STRING ""
#define PACKAGE_BUGREPORT ""
#define PACKAGE_URL ""
#define inline inline
#define HAVE___ATTRIBUTE__ 1
#define __ATTRIBUTE___FORMAT_OK_FOR_FUNCTION_POINTERS 1
#define STDC_HEADERS 1
#define HAVE_SYS_TYPES_H 1
#define HAVE_SYS_STAT_H 1
#define HAVE_STDLIB_H 1
#define HAVE_STRING_H 1
#define HAVE_MEMORY_H 1
#define HAVE_STRINGS_H 1
#define HAVE_INTTYPES_H 1
#define HAVE_STDINT_H 1
#define HAVE_UNISTD_H 1
#define HAVE_FCNTL_H 1
#define HAVE_NETINET_IF_ETHER_H 1
#define TIME_WITH_SYS_TIME 1
#define TCPDUMP_DO_SMB 1
#define INET6 1
#define HAVE_GETNAMEINFO 1
#define SIZEOF_CHAR 1
#define SIZEOF_SHORT 2
#define SIZEOF_INT 4
#define SIZEOF_LONG 8
#define SIZEOF_LONG_LONG 8
#define HAVE_ADDRINFO 1
#define HAVE_SOCKADDR_STORAGE 1
#define HAVE_INADDRSZ 1
#define HAVE_IN6ADDRSZ 1
#define HAVE_RES_USE_INET6 1
#define HAVE_VFPRINTF 1
#define HAVE_STRCASECMP 1
#define HAVE_STRDUP 1
#define HAVE_STRSEP 1
#define HAVE_STRFTIME 1
#define HAVE_SETLINEBUF 1
#define HAVE_ALARM 1
#define HAVE_VSNPRINTF 1
#define HAVE_SNPRINTF 1
#define RETSIGTYPE void
#define RETSIGVAL /**/
#define HAVE_SIGACTION 1
#define HAVE_GETRPCBYNUMBER 1
#define HAVE_PCAP_LIST_DATALINKS 1
#define HAVE_PCAP_SET_DATALINK 1
#define HAVE_PCAP_DATALINK_NAME_TO_VAL 1
#define HAVE_PCAP_DATALINK_VAL_TO_DESCRIPTION 1
#define HAVE_PCAP_BREAKLOOP 1
#define HAVE_PCAP_DUMP_FTELL 1
#define HAVE_ETHER_NTOHOST 1
#define USE_ETHER_NTOHOST 1
#define HAVE_NETINET_ETHER_H 1
#define NETINET_ETHER_H_DECLARES_ETHER_NTOHOST /**/
#define HAVE_DECL_ETHER_NTOHOST 1
#define HAVE_PCAP_CREATE 1
#define HAVE_PCAP_FINDALLDEVS 1
#define HAVE_PCAP_DUMP_FLUSH 1
#define HAVE_PCAP_LIB_VERSION 1
#define HAVE_PCAP_IF_T 1
#define HAVE_BPF_DUMP 1
#define HAVE_PCAP_BLUETOOTH_H 1
#define HAVE_PCAP_USB_H 1
#define HAVE_SYS_BITYPES_H 1
#define HAVE_INTTYPES_H 1
#define HAVE_H_ERRNO 1

configure: exit 0
