This file contains any messages produced by compilers while
running configure, to aid debugging if configure makes a mistake.

It was created by pfring.c configure 1.0, which was
generated by GNU Autoconf 2.69.  Invocation command line was

  $ ./configure 

## --------- ##
## Platform. ##
## --------- ##

hostname = sourav-Virtual-Machine
uname -m = x86_64
uname -r = 3.8.0-33-generic
uname -s = Linux
uname -v = #48~precise1-Ubuntu SMP Thu Oct 24 16:28:06 UTC 2013

/usr/bin/uname -p = unknown
/bin/uname -X     = unknown

/bin/arch              = unknown
/usr/bin/arch -k       = unknown
/usr/convex/getsysinfo = unknown
/usr/bin/hostinfo      = unknown
/bin/machine           = unknown
/usr/bin/oslevel       = unknown
/bin/universe          = unknown

PATH: /usr/local/sbin
PATH: /usr/local/bin
PATH: /usr/sbin
PATH: /usr/bin
PATH: /sbin
PATH: /bin


## ----------- ##
## Core tests. ##
## ----------- ##

configure:2096: checking for gcc
configure:2112: found /usr/bin/gcc
configure:2123: result: gcc
configure:2352: checking for C compiler version
configure:2361: gcc --version >&5
gcc (Ubuntu/Linaro 4.6.3-1ubuntu5) 4.6.3
Copyright (C) 2011 Free Software Foundation, Inc.
This is free software; see the source for copying conditions.  There is NO
warranty; not even for MERCHANTABILITY or FITNESS FOR A PARTICULAR PURPOSE.

configure:2372: $? = 0
configure:2361: gcc -v >&5
Using built-in specs.
COLLECT_GCC=gcc
COLLECT_LTO_WRAPPER=/usr/lib/gcc/x86_64-linux-gnu/4.6/lto-wrapper
Target: x86_64-linux-gnu
Configured with: ../src/configure -v --with-pkgversion='Ubuntu/Linaro 4.6.3-1ubuntu5' --with-bugurl=file:///usr/share/doc/gcc-4.6/README.Bugs --enable-languages=c,c++,fortran,objc,obj-c++ --prefix=/usr --program-suffix=-4.6 --enable-shared --enable-linker-build-id --with-system-zlib --libexecdir=/usr/lib --without-included-gettext --enable-threads=posix --with-gxx-include-dir=/usr/include/c++/4.6 --libdir=/usr/lib --enable-nls --with-sysroot=/ --enable-clocale=gnu --enable-libstdcxx-debug --enable-libstdcxx-time=yes --enable-gnu-unique-object --enable-plugin --enable-objc-gc --disable-werror --with-arch-32=i686 --with-tune=generic --enable-checking=release --build=x86_64-linux-gnu --host=x86_64-linux-gnu --target=x86_64-linux-gnu
Thread model: posix
gcc version 4.6.3 (Ubuntu/Linaro 4.6.3-1ubuntu5) 
configure:2372: $? = 0
configure:2361: gcc -V >&5
gcc: error: unrecognized option '-V'
gcc: fatal error: no input files
compilation terminated.
configure:2372: $? = 4
configure:2361: gcc -qversion >&5
gcc: error: unrecognized option '-qversion'
gcc: fatal error: no input files
compilation terminated.
configure:2372: $? = 4
configure:2392: checking whether the C compiler works
configure:2414: gcc    conftest.c  >&5
configure:2418: $? = 0
configure:2466: result: yes
configure:2469: checking for C compiler default output file name
configure:2471: result: a.out
configure:2477: checking for suffix of executables
configure:2484: gcc -o conftest    conftest.c  >&5
configure:2488: $? = 0
configure:2510: result: 
configure:2532: checking whether we are cross compiling
configure:2540: gcc -o conftest    conftest.c  >&5
configure:2544: $? = 0
configure:2551: ./conftest
configure:2555: $? = 0
configure:2570: result: no
configure:2575: checking for suffix of object files
configure:2597: gcc -c   conftest.c >&5
configure:2601: $? = 0
configure:2622: result: o
configure:2626: checking whether we are using the GNU C compiler
configure:2645: gcc -c   conftest.c >&5
configure:2645: $? = 0
configure:2654: result: yes
configure:2663: checking whether gcc accepts -g
configure:2683: gcc -c -g  conftest.c >&5
configure:2683: $? = 0
configure:2724: result: yes
configure:2741: checking for gcc option to accept ISO C89
configure:2804: gcc  -c -g -O2  conftest.c >&5
configure:2804: $? = 0
configure:2817: result: none needed
configure:2846: checking how to run the C preprocessor
configure:2877: gcc -E  conftest.c
configure:2877: $? = 0
configure:2891: gcc -E  conftest.c
conftest.c:9:28: fatal error: ac_nonexistent.h: No such file or directory
compilation terminated.
configure:2891: $? = 1
configure: failed program was:
| /* confdefs.h */
| #define PACKAGE_NAME "pfring.c"
| #define PACKAGE_TARNAME "pfring-c"
| #define PACKAGE_VERSION "1.0"
| #define PACKAGE_STRING "pfring.c 1.0"
| #define PACKAGE_BUGREPORT ""
| #define PACKAGE_URL ""
| /* end confdefs.h.  */
| #include <ac_nonexistent.h>
configure:2916: result: gcc -E
configure:2936: gcc -E  conftest.c
configure:2936: $? = 0
configure:2950: gcc -E  conftest.c
conftest.c:9:28: fatal error: ac_nonexistent.h: No such file or directory
compilation terminated.
configure:2950: $? = 1
configure: failed program was:
| /* confdefs.h */
| #define PACKAGE_NAME "pfring.c"
| #define PACKAGE_TARNAME "pfring-c"
| #define PACKAGE_VERSION "1.0"
| #define PACKAGE_STRING "pfring.c 1.0"
| #define PACKAGE_BUGREPORT ""
| #define PACKAGE_URL ""
| /* end confdefs.h.  */
| #include <ac_nonexistent.h>
configure:2979: checking for grep that handles long lines and -e
configure:3037: result: /bin/grep
configure:3042: checking for egrep
configure:3104: result: /bin/grep -E
configure:3109: checking for ANSI C header files
configure:3129: gcc -c -g -O2  conftest.c >&5
configure:3129: $? = 0
configure:3202: gcc -o conftest -g -O2   conftest.c  >&5
configure:3202: $? = 0
configure:3202: ./conftest
configure:3202: $? = 0
configure:3213: result: yes
configure:3226: checking for sys/types.h
configure:3226: gcc -c -g -O2  conftest.c >&5
configure:3226: $? = 0
configure:3226: result: yes
configure:3226: checking for sys/stat.h
configure:3226: gcc -c -g -O2  conftest.c >&5
configure:3226: $? = 0
configure:3226: result: yes
configure:3226: checking for stdlib.h
configure:3226: gcc -c -g -O2  conftest.c >&5
configure:3226: $? = 0
configure:3226: result: yes
configure:3226: checking for string.h
configure:3226: gcc -c -g -O2  conftest.c >&5
configure:3226: $? = 0
configure:3226: result: yes
configure:3226: checking for memory.h
configure:3226: gcc -c -g -O2  conftest.c >&5
configure:3226: $? = 0
configure:3226: result: yes
configure:3226: checking for strings.h
configure:3226: gcc -c -g -O2  conftest.c >&5
configure:3226: $? = 0
configure:3226: result: yes
configure:3226: checking for inttypes.h
configure:3226: gcc -c -g -O2  conftest.c >&5
configure:3226: $? = 0
configure:3226: result: yes
configure:3226: checking for stdint.h
configure:3226: gcc -c -g -O2  conftest.c >&5
configure:3226: $? = 0
configure:3226: result: yes
configure:3226: checking for unistd.h
configure:3226: gcc -c -g -O2  conftest.c >&5
configure:3226: $? = 0
configure:3226: result: yes
configure:3241: checking linux/net_tstamp.h usability
configure:3241: gcc -c -g -O2  conftest.c >&5
configure:3241: $? = 0
configure:3241: result: yes
configure:3241: checking linux/net_tstamp.h presence
configure:3241: gcc -E  conftest.c
configure:3241: $? = 0
configure:3241: result: yes
configure:3241: checking for linux/net_tstamp.h
configure:3241: result: yes
configure:3241: checking librdi.h usability
configure:3241: gcc -c -g -O2  conftest.c >&5
conftest.c:53:20: fatal error: librdi.h: No such file or directory
compilation terminated.
configure:3241: $? = 1
configure: failed program was:
| /* confdefs.h */
| #define PACKAGE_NAME "pfring.c"
| #define PACKAGE_TARNAME "pfring-c"
| #define PACKAGE_VERSION "1.0"
| #define PACKAGE_STRING "pfring.c 1.0"
| #define PACKAGE_BUGREPORT ""
| #define PACKAGE_URL ""
| #define STDC_HEADERS 1
| #define HAVE_SYS_TYPES_H 1
| #define HAVE_SYS_STAT_H 1
| #define HAVE_STDLIB_H 1
| #define HAVE_STRING_H 1
| #define HAVE_MEMORY_H 1
| #define HAVE_STRINGS_H 1
| #define HAVE_INTTYPES_H 1
| #define HAVE_STDINT_H 1
| #define HAVE_UNISTD_H 1
| #define HAVE_LINUX_NET_TSTAMP_H 1
| /* end confdefs.h.  */
| #include <stdio.h>
| #ifdef HAVE_SYS_TYPES_H
| # include <sys/types.h>
| #endif
| #ifdef HAVE_SYS_STAT_H
| # include <sys/stat.h>
| #endif
| #ifdef STDC_HEADERS
| # include <stdlib.h>
| # include <stddef.h>
| #else
| # ifdef HAVE_STDLIB_H
| #  include <stdlib.h>
| # endif
| #endif
| #ifdef HAVE_STRING_H
| # if !defined STDC_HEADERS && defined HAVE_MEMORY_H
| #  include <memory.h>
| # endif
| # include <string.h>
| #endif
| #ifdef HAVE_STRINGS_H
| # include <strings.h>
| #endif
| #ifdef HAVE_INTTYPES_H
| # include <inttypes.h>
| #endif
| #ifdef HAVE_STDINT_H
| # include <stdint.h>
| #endif
| #ifdef HAVE_UNISTD_H
| # include <unistd.h>
| #endif
| #include <librdi.h>
configure:3241: result: no
configure:3241: checking librdi.h presence
configure:3241: gcc -E  conftest.c
conftest.c:20:20: fatal error: librdi.h: No such file or directory
compilation terminated.
configure:3241: $? = 1
configure: failed program was:
| /* confdefs.h */
| #define PACKAGE_NAME "pfring.c"
| #define PACKAGE_TARNAME "pfring-c"
| #define PACKAGE_VERSION "1.0"
| #define PACKAGE_STRING "pfring.c 1.0"
| #define PACKAGE_BUGREPORT ""
| #define PACKAGE_URL ""
| #define STDC_HEADERS 1
| #define HAVE_SYS_TYPES_H 1
| #define HAVE_SYS_STAT_H 1
| #define HAVE_STDLIB_H 1
| #define HAVE_STRING_H 1
| #define HAVE_MEMORY_H 1
| #define HAVE_STRINGS_H 1
| #define HAVE_INTTYPES_H 1
| #define HAVE_STDINT_H 1
| #define HAVE_UNISTD_H 1
| #define HAVE_LINUX_NET_TSTAMP_H 1
| /* end confdefs.h.  */
| #include <librdi.h>
configure:3241: result: no
configure:3241: checking for librdi.h
configure:3241: result: no
configure:3284: checking for pthread_setaffinity_np in -lpthread
configure:3309: gcc -o conftest -march=corei7-avx -mtune=corei7-avx    conftest.c -lpthread   >&5
configure:3309: $? = 0
configure:3318: result: yes
configure:3331: checking PF_RING ZC support
configure:3344: result: no
configure:3348: checking Zero support
configure:3354: result: yes
configure:3363: checking if r/w locks are supported
configure:3385: gcc -o conftest -march=corei7-avx -mtune=corei7-avx    conftest.c  >&5
configure:3385: $? = 0
configure:3385: ./conftest
configure:3385: $? = 0
configure:3386: result: yes
configure:3403: checking DNA support
configure:3410: result: yes
configure:3418: checking Virtual support
configure:3424: result: yes
configure:3436: checking for librdi.h
configure:3436: result: no
configure:3515: checking for redisCommand in -lhiredis
configure:3540: gcc -o conftest -march=corei7-avx -mtune=corei7-avx    conftest.c -lhiredis   >&5
/usr/bin/ld: cannot find -lhiredis
collect2: ld returned 1 exit status
configure:3540: $? = 1
configure: failed program was:
| /* confdefs.h */
| #define PACKAGE_NAME "pfring.c"
| #define PACKAGE_TARNAME "pfring-c"
| #define PACKAGE_VERSION "1.0"
| #define PACKAGE_STRING "pfring.c 1.0"
| #define PACKAGE_BUGREPORT ""
| #define PACKAGE_URL ""
| #define STDC_HEADERS 1
| #define HAVE_SYS_TYPES_H 1
| #define HAVE_SYS_STAT_H 1
| #define HAVE_STDLIB_H 1
| #define HAVE_STRING_H 1
| #define HAVE_MEMORY_H 1
| #define HAVE_STRINGS_H 1
| #define HAVE_INTTYPES_H 1
| #define HAVE_STDINT_H 1
| #define HAVE_UNISTD_H 1
| #define HAVE_LINUX_NET_TSTAMP_H 1
| #define HAVE_PTHREAD_SETAFFINITY_NP 1
| #define HAVE_RW_LOCK 1
| /* end confdefs.h.  */
| 
| /* Override any GCC internal prototype to avoid an error.
|    Use char because int might match the return type of a GCC
|    builtin and then its argument prototype would still apply.  */
| #ifdef __cplusplus
| extern "C"
| #endif
| char redisCommand ();
| int
| main ()
| {
| return redisCommand ();
|   ;
|   return 0;
| }
configure:3549: result: no
configure:3571: checking for nl_handle_alloc in -lnl
configure:3596: gcc -o conftest -march=corei7-avx -mtune=corei7-avx    conftest.c -lnl   >&5
/usr/bin/ld: cannot find -lnl
collect2: ld returned 1 exit status
configure:3596: $? = 1
configure: failed program was:
| /* confdefs.h */
| #define PACKAGE_NAME "pfring.c"
| #define PACKAGE_TARNAME "pfring-c"
| #define PACKAGE_VERSION "1.0"
| #define PACKAGE_STRING "pfring.c 1.0"
| #define PACKAGE_BUGREPORT ""
| #define PACKAGE_URL ""
| #define STDC_HEADERS 1
| #define HAVE_SYS_TYPES_H 1
| #define HAVE_SYS_STAT_H 1
| #define HAVE_STDLIB_H 1
| #define HAVE_STRING_H 1
| #define HAVE_MEMORY_H 1
| #define HAVE_STRINGS_H 1
| #define HAVE_INTTYPES_H 1
| #define HAVE_STDINT_H 1
| #define HAVE_UNISTD_H 1
| #define HAVE_LINUX_NET_TSTAMP_H 1
| #define HAVE_PTHREAD_SETAFFINITY_NP 1
| #define HAVE_RW_LOCK 1
| /* end confdefs.h.  */
| 
| /* Override any GCC internal prototype to avoid an error.
|    Use char because int might match the return type of a GCC
|    builtin and then its argument prototype would still apply.  */
| #ifdef __cplusplus
| extern "C"
| #endif
| char nl_handle_alloc ();
| int
| main ()
| {
| return nl_handle_alloc ();
|   ;
|   return 0;
| }
configure:3605: result: no
configure:3612: checking for dag_get_stream_erf_types in -ldag
configure:3637: gcc -o conftest -march=corei7-avx -mtune=corei7-avx    conftest.c -ldag    >&5
/usr/bin/ld: cannot find -ldag
collect2: ld returned 1 exit status
configure:3637: $? = 1
configure: failed program was:
| /* confdefs.h */
| #define PACKAGE_NAME "pfring.c"
| #define PACKAGE_TARNAME "pfring-c"
| #define PACKAGE_VERSION "1.0"
| #define PACKAGE_STRING "pfring.c 1.0"
| #define PACKAGE_BUGREPORT ""
| #define PACKAGE_URL ""
| #define STDC_HEADERS 1
| #define HAVE_SYS_TYPES_H 1
| #define HAVE_SYS_STAT_H 1
| #define HAVE_STDLIB_H 1
| #define HAVE_STRING_H 1
| #define HAVE_MEMORY_H 1
| #define HAVE_STRINGS_H 1
| #define HAVE_INTTYPES_H 1
| #define HAVE_STDINT_H 1
| #define HAVE_UNISTD_H 1
| #define HAVE_LINUX_NET_TSTAMP_H 1
| #define HAVE_PTHREAD_SETAFFINITY_NP 1
| #define HAVE_RW_LOCK 1
| /* end confdefs.h.  */
| 
| /* Override any GCC internal prototype to avoid an error.
|    Use char because int might match the return type of a GCC
|    builtin and then its argument prototype would still apply.  */
| #ifdef __cplusplus
| extern "C"
| #endif
| char dag_get_stream_erf_types ();
| int
| main ()
| {
| return dag_get_stream_erf_types ();
|   ;
|   return 0;
| }
configure:3646: result: no
configure:3824: creating ./config.status

## ---------------------- ##
## Running config.status. ##
## ---------------------- ##

This file was extended by pfring.c config.status 1.0, which was
generated by GNU Autoconf 2.69.  Invocation command line was

  CONFIG_FILES    = 
  CONFIG_HEADERS  = 
  CONFIG_LINKS    = 
  CONFIG_COMMANDS = 
  $ ./config.status 

on sourav-Virtual-Machine

config.status:829: creating Makefile
config.status:829: creating ../examples/Makefile
config.status:829: creating ../c++/Makefile
config.status:829: creating config.h
config.status:999: config.h is unchanged

## ---------------- ##
## Cache variables. ##
## ---------------- ##

ac_cv_c_compiler_gnu=yes
ac_cv_env_CC_set=
ac_cv_env_CC_value=
ac_cv_env_CFLAGS_set=
ac_cv_env_CFLAGS_value=
ac_cv_env_CPPFLAGS_set=
ac_cv_env_CPPFLAGS_value=
ac_cv_env_CPP_set=
ac_cv_env_CPP_value=
ac_cv_env_LDFLAGS_set=
ac_cv_env_LDFLAGS_value=
ac_cv_env_LIBS_set=
ac_cv_env_LIBS_value=
ac_cv_env_build_alias_set=
ac_cv_env_build_alias_value=
ac_cv_env_host_alias_set=
ac_cv_env_host_alias_value=
ac_cv_env_target_alias_set=
ac_cv_env_target_alias_value=
ac_cv_header_inttypes_h=yes
ac_cv_header_librdi_h=no
ac_cv_header_linux_net_tstamp_h=yes
ac_cv_header_memory_h=yes
ac_cv_header_stdc=yes
ac_cv_header_stdint_h=yes
ac_cv_header_stdlib_h=yes
ac_cv_header_string_h=yes
ac_cv_header_strings_h=yes
ac_cv_header_sys_stat_h=yes
ac_cv_header_sys_types_h=yes
ac_cv_header_unistd_h=yes
ac_cv_lib_dag_dag_get_stream_erf_types=no
ac_cv_lib_hiredis_redisCommand=no
ac_cv_lib_nl_nl_handle_alloc=no
ac_cv_lib_pthread_pthread_setaffinity_np=yes
ac_cv_objext=o
ac_cv_path_EGREP='/bin/grep -E'
ac_cv_path_GREP=/bin/grep
ac_cv_prog_CPP='gcc -E'
ac_cv_prog_ac_ct_CC=gcc
ac_cv_prog_cc_c89=
ac_cv_prog_cc_g=yes

## ----------------- ##
## Output variables. ##
## ----------------- ##

BPF_INCLUDE='-I../libpcap'
CC='gcc'
CFLAGS='-march=corei7-avx -mtune=corei7-avx '
CPP='gcc -E'
CPPFLAGS=''
DAG_LIB=''
DAG_OBJS=''
DEFS='-DHAVE_CONFIG_H'
DNA_DEP='extract_dna_lib'
DNA_LIB='libs/libpfring_dna_x86_64_corei7-avx.a'
DNA_OBJS='pfring_mod_dna.o pfring_dna.o pfring_e1000e_dna.o pfring_e1000_dna.o pfring_ixgbe_dna.o pfring_igb_dna.o silicom_ts.o pfring_dna_utils.o '
ECHO_C=''
ECHO_N='-n'
ECHO_T=''
EGREP='/bin/grep -E'
EXEEXT=''
GREP='/bin/grep'
HAVE_BPF='-D ENABLE_BPF'
HAVE_DAG=''
HAVE_DNA='-D HAVE_DNA'
HAVE_HW_TIMESTAMP='-D ENABLE_HW_TIMESTAMP'
HAVE_PF_RING_ZC=''
HAVE_REDIRECTOR=''
HAVE_VIRTUAL='-D HAVE_VIRTUAL'
HAVE_ZERO='-D HAVE_ZERO'
INSTALL_PREFIX='/usr/local'
LDFLAGS=''
LIBOBJS=''
LIBS=''
LTLIBOBJS=''
OBJEXT='o'
PACKAGE_BUGREPORT=''
PACKAGE_NAME='pfring.c'
PACKAGE_STRING='pfring.c 1.0'
PACKAGE_TARNAME='pfring-c'
PACKAGE_URL=''
PACKAGE_VERSION='1.0'
PATH_SEPARATOR=':'
PF_RING_ZC_DEP=''
PF_RING_ZC_LIB=''
PF_RING_ZC_OBJS=''
REDIS_LIB=''
SHELL='/bin/bash'
SILICOM_LIBS=''
SYSLIBS=''
VIRTUAL_DEP='extract_virtual_lib'
VIRTUAL_LIB='libs/libpfring_mod_virtual_x86_64.a'
VIRTUAL_OBJS='pfring_mod_virtual.o '
ZERO_DEP='extract_zero_lib'
ZERO_LIB='libs/libpfring_zero_x86_64_corei7-avx.a'
ZERO_OBJS='pfring_dna_bouncer.o pfring_mod_dna_cluster.o pfring_dna_cluster.o pfring_dna_vas.o pfring_dna_sal.o pfring_libzero.o hugepages_lib.o '
ac_ct_CC='gcc'
bindir='${exec_prefix}/bin'
build_alias=''
datadir='${datarootdir}'
datarootdir='${prefix}/share'
docdir='${datarootdir}/doc/${PACKAGE_TARNAME}'
dvidir='${docdir}'
exec_prefix='${prefix}'
host_alias=''
htmldir='${docdir}'
includedir='${prefix}/include'
infodir='${datarootdir}/info'
libdir='${exec_prefix}/lib'
libexecdir='${exec_prefix}/libexec'
localedir='${datarootdir}/locale'
localstatedir='${prefix}/var'
mandir='${datarootdir}/man'
oldincludedir='/usr/include'
pdfdir='${docdir}'
prefix='/usr/local'
program_transform_name='s,x,x,'
psdir='${docdir}'
sbindir='${exec_prefix}/sbin'
sharedstatedir='${prefix}/com'
sysconfdir='${prefix}/etc'
target_alias=''

## ----------- ##
## confdefs.h. ##
## ----------- ##

/* confdefs.h */
#define PACKAGE_NAME "pfring.c"
#define PACKAGE_TARNAME "pfring-c"
#define PACKAGE_VERSION "1.0"
#define PACKAGE_STRING "pfring.c 1.0"
#define PACKAGE_BUGREPORT ""
#define PACKAGE_URL ""
#define STDC_HEADERS 1
#define HAVE_SYS_TYPES_H 1
#define HAVE_SYS_STAT_H 1
#define HAVE_STDLIB_H 1
#define HAVE_STRING_H 1
#define HAVE_MEMORY_H 1
#define HAVE_STRINGS_H 1
#define HAVE_INTTYPES_H 1
#define HAVE_STDINT_H 1
#define HAVE_UNISTD_H 1
#define HAVE_LINUX_NET_TSTAMP_H 1
#define HAVE_PTHREAD_SETAFFINITY_NP 1
#define HAVE_RW_LOCK 1

configure: exit 0
